{"/Users/tristatetechnology/Kiran/Training/ReduxProject/.eslintrc.js": {"path":"/Users/tristatetechnology/Kiran/Training/ReduxProject/.eslintrc.js","statementMap":{"0":{"start":{"line":1,"column":0},"end":{"line":4,"column":2}}},"fnMap":{},"branchMap":{},"s":{"0":0},"f":{},"b":{}}
,"/Users/tristatetechnology/Kiran/Training/ReduxProject/.prettierrc.js": {"path":"/Users/tristatetechnology/Kiran/Training/ReduxProject/.prettierrc.js","statementMap":{"0":{"start":{"line":1,"column":0},"end":{"line":7,"column":2}}},"fnMap":{},"branchMap":{},"s":{"0":0},"f":{},"b":{}}
,"/Users/tristatetechnology/Kiran/Training/ReduxProject/App.js": {"path":"/Users/tristatetechnology/Kiran/Training/ReduxProject/App.js","statementMap":{"0":{"start":{"line":8,"column":14},"end":{"line":8,"column":37}},"1":{"start":{"line":11,"column":2},"end":{"line":16,"column":4}}},"fnMap":{"0":{"name":"App","decl":{"start":{"line":10,"column":24},"end":{"line":10,"column":27}},"loc":{"start":{"line":10,"column":51},"end":{"line":17,"column":1}},"line":10}},"branchMap":{},"s":{"0":0,"1":0},"f":{"0":0},"b":{}}
,"/Users/tristatetechnology/Kiran/Training/ReduxProject/index.js": {"path":"/Users/tristatetechnology/Kiran/Training/ReduxProject/index.js","statementMap":{"0":{"start":{"line":9,"column":0},"end":{"line":9,"column":50}},"1":{"start":{"line":9,"column":45},"end":{"line":9,"column":48}}},"fnMap":{"0":{"name":"(anonymous_0)","decl":{"start":{"line":9,"column":39},"end":{"line":9,"column":40}},"loc":{"start":{"line":9,"column":45},"end":{"line":9,"column":48}},"line":9}},"branchMap":{},"s":{"0":0,"1":0},"f":{"0":0},"b":{}}
,"/Users/tristatetechnology/Kiran/Training/ReduxProject/metro.config.js": {"path":"/Users/tristatetechnology/Kiran/Training/ReduxProject/metro.config.js","statementMap":{"0":{"start":{"line":8,"column":0},"end":{"line":17,"column":2}},"1":{"start":{"line":10,"column":38},"end":{"line":15,"column":5}}},"fnMap":{"0":{"name":"(anonymous_0)","decl":{"start":{"line":10,"column":25},"end":{"line":10,"column":26}},"loc":{"start":{"line":10,"column":38},"end":{"line":15,"column":5}},"line":10}},"branchMap":{},"s":{"0":0,"1":0},"f":{"0":0},"b":{}}
,"/Users/tristatetechnology/Kiran/Training/ReduxProject/Src/index.js": {"path":"/Users/tristatetechnology/Kiran/Training/ReduxProject/Src/index.js","statementMap":{},"fnMap":{},"branchMap":{},"s":{},"f":{},"b":{}}
,"/Users/tristatetechnology/Kiran/Training/ReduxProject/Src/screens.js": {"path":"/Users/tristatetechnology/Kiran/Training/ReduxProject/Src/screens.js","statementMap":{},"fnMap":{},"branchMap":{},"s":{},"f":{},"b":{}}
,"/Users/tristatetechnology/Kiran/Training/ReduxProject/Src/Componenets/BallIndicator.js": {"path":"/Users/tristatetechnology/Kiran/Training/ReduxProject/Src/Componenets/BallIndicator.js","statementMap":{"0":{"start":{"line":5,"column":2},"end":{"line":16,"column":4}},"1":{"start":{"line":17,"column":26},"end":{"line":53,"column":3}},"2":{"start":{"line":18,"column":43},"end":{"line":18,"column":48}},"3":{"start":{"line":19,"column":16},"end":{"line":19,"column":35}},"4":{"start":{"line":20,"column":21},"end":{"line":24,"column":5}},"5":{"start":{"line":25,"column":21},"end":{"line":28,"column":8}},"6":{"start":{"line":27,"column":8},"end":{"line":27,"column":21}},"7":{"start":{"line":29,"column":22},"end":{"line":32,"column":8}},"8":{"start":{"line":31,"column":8},"end":{"line":31,"column":39}},"9":{"start":{"line":33,"column":4},"end":{"line":35,"column":5}},"10":{"start":{"line":33,"column":17},"end":{"line":33,"column":18}},"11":{"start":{"line":34,"column":6},"end":{"line":34,"column":45}},"12":{"start":{"line":36,"column":4},"end":{"line":36,"column":50}},"13":{"start":{"line":37,"column":20},"end":{"line":47,"column":5}},"14":{"start":{"line":48,"column":4},"end":{"line":52,"column":6}},"15":{"start":{"line":54,"column":45},"end":{"line":54,"column":50}},"16":{"start":{"line":55,"column":2},"end":{"line":67,"column":4}},"17":{"start":{"line":70,"column":2},"end":{"line":79,"column":4}},"18":{"start":{"line":80,"column":23},"end":{"line":80,"column":24}},"19":{"start":{"line":81,"column":21},"end":{"line":81,"column":22}},"20":{"start":{"line":82,"column":22},"end":{"line":82,"column":27}},"21":{"start":{"line":83,"column":20},"end":{"line":83,"column":41}},"22":{"start":{"line":84,"column":25},"end":{"line":84,"column":62}},"23":{"start":{"line":85,"column":20},"end":{"line":85,"column":28}},"24":{"start":{"line":86,"column":2},"end":{"line":106,"column":18}},"25":{"start":{"line":87,"column":24},"end":{"line":87,"column":29}},"26":{"start":{"line":88,"column":4},"end":{"line":90,"column":5}},"27":{"start":{"line":89,"column":6},"end":{"line":89,"column":23}},"28":{"start":{"line":91,"column":4},"end":{"line":93,"column":5}},"29":{"start":{"line":92,"column":6},"end":{"line":92,"column":24}},"30":{"start":{"line":95,"column":4},"end":{"line":97,"column":5}},"31":{"start":{"line":96,"column":6},"end":{"line":96,"column":22}},"32":{"start":{"line":98,"column":4},"end":{"line":105,"column":5}},"33":{"start":{"line":99,"column":26},"end":{"line":99,"column":40}},"34":{"start":{"line":100,"column":48},"end":{"line":100,"column":53}},"35":{"start":{"line":101,"column":6},"end":{"line":103,"column":17}},"36":{"start":{"line":107,"column":25},"end":{"line":125,"column":3}},"37":{"start":{"line":108,"column":19},"end":{"line":108,"column":28}},"38":{"start":{"line":109,"column":62},"end":{"line":109,"column":67}},"39":{"start":{"line":110,"column":4},"end":{"line":112,"column":5}},"40":{"start":{"line":111,"column":6},"end":{"line":111,"column":13}},"41":{"start":{"line":113,"column":20},"end":{"line":120,"column":8}},"42":{"start":{"line":121,"column":4},"end":{"line":123,"column":15}},"43":{"start":{"line":124,"column":4},"end":{"line":124,"column":23}},"44":{"start":{"line":126,"column":24},"end":{"line":137,"column":3}},"45":{"start":{"line":127,"column":19},"end":{"line":127,"column":28}},"46":{"start":{"line":128,"column":4},"end":{"line":130,"column":5}},"47":{"start":{"line":129,"column":6},"end":{"line":129,"column":13}},"48":{"start":{"line":131,"column":19},"end":{"line":135,"column":8}},"49":{"start":{"line":133,"column":8},"end":{"line":133,"column":42}},"50":{"start":{"line":134,"column":8},"end":{"line":134,"column":59}},"51":{"start":{"line":134,"column":37},"end":{"line":134,"column":57}},"52":{"start":{"line":136,"column":4},"end":{"line":136,"column":24}},"53":{"start":{"line":138,"column":24},"end":{"line":145,"column":3}},"54":{"start":{"line":139,"column":24},"end":{"line":139,"column":29}},"55":{"start":{"line":140,"column":4},"end":{"line":140,"column":23}},"56":{"start":{"line":141,"column":4},"end":{"line":141,"column":23}},"57":{"start":{"line":142,"column":4},"end":{"line":144,"column":5}},"58":{"start":{"line":143,"column":6},"end":{"line":143,"column":24}},"59":{"start":{"line":146,"column":26},"end":{"line":169,"column":3}},"60":{"start":{"line":147,"column":19},"end":{"line":147,"column":28}},"61":{"start":{"line":148,"column":45},"end":{"line":148,"column":50}},"62":{"start":{"line":149,"column":4},"end":{"line":151,"column":5}},"63":{"start":{"line":150,"column":6},"end":{"line":150,"column":13}},"64":{"start":{"line":152,"column":4},"end":{"line":166,"column":9}},"65":{"start":{"line":160,"column":8},"end":{"line":165,"column":9}},"66":{"start":{"line":161,"column":10},"end":{"line":161,"column":31}},"67":{"start":{"line":163,"column":10},"end":{"line":163,"column":29}},"68":{"start":{"line":164,"column":10},"end":{"line":164,"column":27}},"69":{"start":{"line":167,"column":4},"end":{"line":167,"column":19}},"70":{"start":{"line":168,"column":4},"end":{"line":168,"column":23}},"71":{"start":{"line":170,"column":26},"end":{"line":177,"column":3}},"72":{"start":{"line":171,"column":19},"end":{"line":171,"column":28}},"73":{"start":{"line":172,"column":37},"end":{"line":172,"column":42}},"74":{"start":{"line":173,"column":4},"end":{"line":175,"column":5}},"75":{"start":{"line":174,"column":6},"end":{"line":174,"column":57}},"76":{"start":{"line":176,"column":4},"end":{"line":176,"column":16}},"77":{"start":{"line":178,"column":22},"end":{"line":178,"column":36}},"78":{"start":{"line":179,"column":36},"end":{"line":179,"column":41}},"79":{"start":{"line":180,"column":2},"end":{"line":183,"column":3}},"80":{"start":{"line":181,"column":4},"end":{"line":182,"column":61}},"81":{"start":{"line":184,"column":2},"end":{"line":188,"column":4}},"82":{"start":{"line":190,"column":15},"end":{"line":207,"column":2}}},"fnMap":{"0":{"name":"BallIndicator","decl":{"start":{"line":4,"column":24},"end":{"line":4,"column":37}},"loc":{"start":{"line":4,"column":45},"end":{"line":68,"column":1}},"line":4},"1":{"name":"(anonymous_1)","decl":{"start":{"line":17,"column":26},"end":{"line":17,"column":27}},"loc":{"start":{"line":17,"column":58},"end":{"line":53,"column":3}},"line":17},"2":{"name":"(anonymous_2)","decl":{"start":{"line":26,"column":34},"end":{"line":26,"column":35}},"loc":{"start":{"line":27,"column":8},"end":{"line":27,"column":21}},"line":27},"3":{"name":"(anonymous_3)","decl":{"start":{"line":30,"column":30},"end":{"line":30,"column":31}},"loc":{"start":{"line":31,"column":8},"end":{"line":31,"column":39}},"line":31},"4":{"name":"Indicator","decl":{"start":{"line":69,"column":16},"end":{"line":69,"column":25}},"loc":{"start":{"line":69,"column":33},"end":{"line":189,"column":1}},"line":69},"5":{"name":"(anonymous_5)","decl":{"start":{"line":86,"column":12},"end":{"line":86,"column":13}},"loc":{"start":{"line":86,"column":18},"end":{"line":106,"column":3}},"line":86},"6":{"name":"(anonymous_6)","decl":{"start":{"line":107,"column":25},"end":{"line":107,"column":26}},"loc":{"start":{"line":107,"column":31},"end":{"line":125,"column":3}},"line":107},"7":{"name":"(anonymous_7)","decl":{"start":{"line":126,"column":24},"end":{"line":126,"column":25}},"loc":{"start":{"line":126,"column":30},"end":{"line":137,"column":3}},"line":126},"8":{"name":"(anonymous_8)","decl":{"start":{"line":132,"column":19},"end":{"line":132,"column":20}},"loc":{"start":{"line":132,"column":34},"end":{"line":135,"column":7}},"line":132},"9":{"name":"(anonymous_9)","decl":{"start":{"line":134,"column":31},"end":{"line":134,"column":32}},"loc":{"start":{"line":134,"column":37},"end":{"line":134,"column":57}},"line":134},"10":{"name":"(anonymous_10)","decl":{"start":{"line":138,"column":24},"end":{"line":138,"column":25}},"loc":{"start":{"line":138,"column":35},"end":{"line":145,"column":3}},"line":138},"11":{"name":"(anonymous_11)","decl":{"start":{"line":146,"column":26},"end":{"line":146,"column":27}},"loc":{"start":{"line":146,"column":32},"end":{"line":169,"column":3}},"line":146},"12":{"name":"(anonymous_12)","decl":{"start":{"line":159,"column":13},"end":{"line":159,"column":14}},"loc":{"start":{"line":159,"column":31},"end":{"line":166,"column":7}},"line":159},"13":{"name":"(anonymous_13)","decl":{"start":{"line":170,"column":26},"end":{"line":170,"column":27}},"loc":{"start":{"line":170,"column":43},"end":{"line":177,"column":3}},"line":170}},"branchMap":{"0":{"loc":{"start":{"line":6,"column":11},"end":{"line":6,"column":93}},"type":"cond-expr","locations":[{"start":{"line":6,"column":33},"end":{"line":6,"column":44}},{"start":{"line":6,"column":48},"end":{"line":6,"column":93}}],"line":6},"1":{"loc":{"start":{"line":6,"column":48},"end":{"line":6,"column":93}},"type":"cond-expr","locations":[{"start":{"line":6,"column":69},"end":{"line":6,"column":80}},{"start":{"line":6,"column":82},"end":{"line":6,"column":93}}],"line":6},"2":{"loc":{"start":{"line":7,"column":11},"end":{"line":7,"column":48}},"type":"cond-expr","locations":[{"start":{"line":7,"column":33},"end":{"line":7,"column":44}},{"start":{"line":7,"column":47},"end":{"line":7,"column":48}}],"line":7},"3":{"loc":{"start":{"line":8,"column":10},"end":{"line":8,"column":46}},"type":"cond-expr","locations":[{"start":{"line":8,"column":31},"end":{"line":8,"column":41}},{"start":{"line":8,"column":44},"end":{"line":8,"column":46}}],"line":8},"4":{"loc":{"start":{"line":9,"column":13},"end":{"line":9,"column":58}},"type":"cond-expr","locations":[{"start":{"line":9,"column":37},"end":{"line":9,"column":50}},{"start":{"line":9,"column":53},"end":{"line":9,"column":58}}],"line":9},"5":{"loc":{"start":{"line":10,"column":21},"end":{"line":10,"column":90}},"type":"cond-expr","locations":[{"start":{"line":10,"column":53},"end":{"line":10,"column":74}},{"start":{"line":10,"column":77},"end":{"line":10,"column":90}}],"line":10},"6":{"loc":{"start":{"line":11,"column":23},"end":{"line":11,"column":87}},"type":"cond-expr","locations":[{"start":{"line":11,"column":57},"end":{"line":11,"column":80}},{"start":{"line":11,"column":83},"end":{"line":11,"column":87}}],"line":11},"7":{"loc":{"start":{"line":12,"column":27},"end":{"line":12,"column":98}},"type":"cond-expr","locations":[{"start":{"line":12,"column":65},"end":{"line":12,"column":92}},{"start":{"line":12,"column":95},"end":{"line":12,"column":98}}],"line":12},"8":{"loc":{"start":{"line":13,"column":15},"end":{"line":13,"column":63}},"type":"cond-expr","locations":[{"start":{"line":13,"column":41},"end":{"line":13,"column":56}},{"start":{"line":13,"column":59},"end":{"line":13,"column":63}}],"line":13},"9":{"loc":{"start":{"line":14,"column":17},"end":{"line":14,"column":69}},"type":"cond-expr","locations":[{"start":{"line":14,"column":45},"end":{"line":14,"column":62}},{"start":{"line":14,"column":65},"end":{"line":14,"column":69}}],"line":14},"10":{"loc":{"start":{"line":15,"column":22},"end":{"line":15,"column":84}},"type":"cond-expr","locations":[{"start":{"line":15,"column":55},"end":{"line":15,"column":77}},{"start":{"line":15,"column":80},"end":{"line":15,"column":84}}],"line":15},"11":{"loc":{"start":{"line":57,"column":17},"end":{"line":57,"column":65}},"type":"cond-expr","locations":[{"start":{"line":57,"column":33},"end":{"line":57,"column":58}},{"start":{"line":57,"column":61},"end":{"line":57,"column":65}}],"line":57},"12":{"loc":{"start":{"line":58,"column":7},"end":{"line":63,"column":14}},"type":"cond-expr","locations":[{"start":{"line":58,"column":23},"end":{"line":62,"column":8}},{"start":{"line":63,"column":10},"end":{"line":63,"column":14}}],"line":58},"13":{"loc":{"start":{"line":84,"column":44},"end":{"line":84,"column":61}},"type":"cond-expr","locations":[{"start":{"line":84,"column":56},"end":{"line":84,"column":57}},{"start":{"line":84,"column":60},"end":{"line":84,"column":61}}],"line":84},"14":{"loc":{"start":{"line":88,"column":4},"end":{"line":90,"column":5}},"type":"if","locations":[{"start":{"line":88,"column":4},"end":{"line":90,"column":5}},{"start":{},"end":{}}],"line":88},"15":{"loc":{"start":{"line":91,"column":4},"end":{"line":93,"column":5}},"type":"if","locations":[{"start":{"line":91,"column":4},"end":{"line":93,"column":5}},{"start":{},"end":{}}],"line":91},"16":{"loc":{"start":{"line":91,"column":8},"end":{"line":91,"column":41}},"type":"binary-expr","locations":[{"start":{"line":91,"column":8},"end":{"line":91,"column":17}},{"start":{"line":91,"column":21},"end":{"line":91,"column":41}}],"line":91},"17":{"loc":{"start":{"line":95,"column":4},"end":{"line":97,"column":5}},"type":"if","locations":[{"start":{"line":95,"column":4},"end":{"line":97,"column":5}},{"start":{},"end":{}}],"line":95},"18":{"loc":{"start":{"line":95,"column":8},"end":{"line":95,"column":41}},"type":"binary-expr","locations":[{"start":{"line":95,"column":8},"end":{"line":95,"column":18}},{"start":{"line":95,"column":22},"end":{"line":95,"column":41}}],"line":95},"19":{"loc":{"start":{"line":98,"column":4},"end":{"line":105,"column":5}},"type":"if","locations":[{"start":{"line":98,"column":4},"end":{"line":105,"column":5}},{"start":{},"end":{}}],"line":98},"20":{"loc":{"start":{"line":102,"column":42},"end":{"line":102,"column":59}},"type":"cond-expr","locations":[{"start":{"line":102,"column":54},"end":{"line":102,"column":55}},{"start":{"line":102,"column":58},"end":{"line":102,"column":59}}],"line":102},"21":{"loc":{"start":{"line":110,"column":4},"end":{"line":112,"column":5}},"type":"if","locations":[{"start":{"line":110,"column":4},"end":{"line":112,"column":5}},{"start":{},"end":{}}],"line":110},"22":{"loc":{"start":{"line":128,"column":4},"end":{"line":130,"column":5}},"type":"if","locations":[{"start":{"line":128,"column":4},"end":{"line":130,"column":5}},{"start":{},"end":{}}],"line":128},"23":{"loc":{"start":{"line":142,"column":4},"end":{"line":144,"column":5}},"type":"if","locations":[{"start":{"line":142,"column":4},"end":{"line":144,"column":5}},{"start":{},"end":{}}],"line":142},"24":{"loc":{"start":{"line":149,"column":4},"end":{"line":151,"column":5}},"type":"if","locations":[{"start":{"line":149,"column":4},"end":{"line":151,"column":5}},{"start":{},"end":{}}],"line":149},"25":{"loc":{"start":{"line":160,"column":8},"end":{"line":165,"column":9}},"type":"if","locations":[{"start":{"line":160,"column":8},"end":{"line":165,"column":9}},{"start":{},"end":{}}],"line":160},"26":{"loc":{"start":{"line":173,"column":4},"end":{"line":175,"column":5}},"type":"if","locations":[{"start":{"line":173,"column":4},"end":{"line":175,"column":5}},{"start":{},"end":{}}],"line":173},"27":{"loc":{"start":{"line":180,"column":2},"end":{"line":183,"column":3}},"type":"if","locations":[{"start":{"line":180,"column":2},"end":{"line":183,"column":3}},{"start":{},"end":{}}],"line":180},"28":{"loc":{"start":{"line":182,"column":14},"end":{"line":182,"column":31}},"type":"binary-expr","locations":[{"start":{"line":182,"column":14},"end":{"line":182,"column":25}},{"start":{"line":182,"column":29},"end":{"line":182,"column":31}}],"line":182}},"s":{"0":0,"1":0,"2":0,"3":0,"4":0,"5":0,"6":0,"7":0,"8":0,"9":0,"10":0,"11":0,"12":0,"13":0,"14":0,"15":0,"16":0,"17":0,"18":0,"19":0,"20":0,"21":0,"22":0,"23":0,"24":0,"25":0,"26":0,"27":0,"28":0,"29":0,"30":0,"31":0,"32":0,"33":0,"34":0,"35":0,"36":0,"37":0,"38":0,"39":0,"40":0,"41":0,"42":0,"43":0,"44":0,"45":0,"46":0,"47":0,"48":0,"49":0,"50":0,"51":0,"52":0,"53":0,"54":0,"55":0,"56":0,"57":0,"58":0,"59":0,"60":0,"61":0,"62":0,"63":0,"64":0,"65":0,"66":0,"67":0,"68":0,"69":0,"70":0,"71":0,"72":0,"73":0,"74":0,"75":0,"76":0,"77":0,"78":0,"79":0,"80":0,"81":0,"82":0},"f":{"0":0,"1":0,"2":0,"3":0,"4":0,"5":0,"6":0,"7":0,"8":0,"9":0,"10":0,"11":0,"12":0,"13":0},"b":{"0":[0,0],"1":[0,0],"2":[0,0],"3":[0,0],"4":[0,0],"5":[0,0],"6":[0,0],"7":[0,0],"8":[0,0],"9":[0,0],"10":[0,0],"11":[0,0],"12":[0,0],"13":[0,0],"14":[0,0],"15":[0,0],"16":[0,0],"17":[0,0],"18":[0,0],"19":[0,0],"20":[0,0],"21":[0,0],"22":[0,0],"23":[0,0],"24":[0,0],"25":[0,0],"26":[0,0],"27":[0,0],"28":[0,0]}}
,"/Users/tristatetechnology/Kiran/Training/ReduxProject/Src/Componenets/ButtonsWithLoder.js": {"path":"/Users/tristatetechnology/Kiran/Training/ReduxProject/Src/Componenets/ButtonsWithLoder.js","statementMap":{"0":{"start":{"line":4,"column":25},"end":{"line":16,"column":1}},"1":{"start":{"line":9,"column":4},"end":{"line":15,"column":6}},"2":{"start":{"line":18,"column":15},"end":{"line":29,"column":2}}},"fnMap":{"0":{"name":"(anonymous_0)","decl":{"start":{"line":4,"column":25},"end":{"line":4,"column":26}},"loc":{"start":{"line":8,"column":6},"end":{"line":16,"column":1}},"line":8}},"branchMap":{},"s":{"0":0,"1":0,"2":0},"f":{"0":0},"b":{}}
,"/Users/tristatetechnology/Kiran/Training/ReduxProject/Src/Componenets/TextInputWithLabel.js": {"path":"/Users/tristatetechnology/Kiran/Training/ReduxProject/Src/Componenets/TextInputWithLabel.js","statementMap":{"0":{"start":{"line":4,"column":27},"end":{"line":25,"column":1}},"1":{"start":{"line":12,"column":4},"end":{"line":24,"column":6}},"2":{"start":{"line":27,"column":15},"end":{"line":38,"column":2}}},"fnMap":{"0":{"name":"(anonymous_0)","decl":{"start":{"line":4,"column":27},"end":{"line":4,"column":28}},"loc":{"start":{"line":11,"column":6},"end":{"line":25,"column":1}},"line":11}},"branchMap":{"0":{"loc":{"start":{"line":14,"column":39},"end":{"line":14,"column":61}},"type":"cond-expr","locations":[{"start":{"line":14,"column":54},"end":{"line":14,"column":57}},{"start":{"line":14,"column":60},"end":{"line":14,"column":61}}],"line":14}},"s":{"0":0,"1":0,"2":0},"f":{"0":0},"b":{"0":[0,0]}}
,"/Users/tristatetechnology/Kiran/Training/ReduxProject/Src/Componenets/showSimpleAlert.js": {"path":"/Users/tristatetechnology/Kiran/Training/ReduxProject/Src/Componenets/showSimpleAlert.js","statementMap":{"0":{"start":{"line":4,"column":4},"end":{"line":11,"column":6}}},"fnMap":{"0":{"name":"showSimpleAlert","decl":{"start":{"line":3,"column":24},"end":{"line":3,"column":39}},"loc":{"start":{"line":3,"column":49},"end":{"line":12,"column":1}},"line":3},"1":{"name":"(anonymous_1)","decl":{"start":{"line":8,"column":35},"end":{"line":8,"column":36}},"loc":{"start":{"line":8,"column":41},"end":{"line":8,"column":44}},"line":8}},"branchMap":{},"s":{"0":0},"f":{"0":0,"1":0},"b":{}}
,"/Users/tristatetechnology/Kiran/Training/ReduxProject/Src/Screens/Login/Login.js": {"path":"/Users/tristatetechnology/Kiran/Training/ReduxProject/Src/Screens/Login/Login.js","statementMap":{"0":{"start":{"line":12,"column":21},"end":{"line":12,"column":34}},"1":{"start":{"line":14,"column":22},"end":{"line":14,"column":62}},"2":{"start":{"line":14,"column":45},"end":{"line":14,"column":61}},"3":{"start":{"line":15,"column":30},"end":{"line":20,"column":6}},"4":{"start":{"line":22,"column":4},"end":{"line":24,"column":29}},"5":{"start":{"line":23,"column":8},"end":{"line":23,"column":44}},"6":{"start":{"line":26,"column":31},"end":{"line":31,"column":5}},"7":{"start":{"line":27,"column":8},"end":{"line":30,"column":12}},"8":{"start":{"line":27,"column":30},"end":{"line":30,"column":9}},"9":{"start":{"line":33,"column":22},"end":{"line":57,"column":5}},"10":{"start":{"line":34,"column":8},"end":{"line":37,"column":12}},"11":{"start":{"line":34,"column":30},"end":{"line":37,"column":9}},"12":{"start":{"line":39,"column":21},"end":{"line":46,"column":9}},"13":{"start":{"line":48,"column":7},"end":{"line":48,"column":47}},"14":{"start":{"line":53,"column":8},"end":{"line":53,"column":44}},"15":{"start":{"line":59,"column":30},"end":{"line":82,"column":5}},"16":{"start":{"line":60,"column":28},"end":{"line":60,"column":90}},"17":{"start":{"line":61,"column":32},"end":{"line":61,"column":108}},"18":{"start":{"line":63,"column":8},"end":{"line":81,"column":9}},"19":{"start":{"line":64,"column":12},"end":{"line":64,"column":45}},"20":{"start":{"line":65,"column":12},"end":{"line":65,"column":25}},"21":{"start":{"line":67,"column":13},"end":{"line":81,"column":9}},"22":{"start":{"line":68,"column":12},"end":{"line":68,"column":53}},"23":{"start":{"line":69,"column":12},"end":{"line":69,"column":25}},"24":{"start":{"line":71,"column":13},"end":{"line":81,"column":9}},"25":{"start":{"line":72,"column":12},"end":{"line":72,"column":48}},"26":{"start":{"line":73,"column":12},"end":{"line":73,"column":25}},"27":{"start":{"line":75,"column":13},"end":{"line":81,"column":9}},"28":{"start":{"line":76,"column":12},"end":{"line":76,"column":189}},"29":{"start":{"line":77,"column":12},"end":{"line":77,"column":25}},"30":{"start":{"line":80,"column":12},"end":{"line":80,"column":23}},"31":{"start":{"line":86,"column":4},"end":{"line":120,"column":6}},"32":{"start":{"line":95,"column":48},"end":{"line":95,"column":81}},"33":{"start":{"line":102,"column":48},"end":{"line":102,"column":84}},"34":{"start":{"line":106,"column":43},"end":{"line":106,"column":62}},"35":{"start":{"line":110,"column":43},"end":{"line":110,"column":72}},"36":{"start":{"line":123,"column":15},"end":{"line":137,"column":2}}},"fnMap":{"0":{"name":"LoginScreen","decl":{"start":{"line":10,"column":24},"end":{"line":10,"column":35}},"loc":{"start":{"line":10,"column":59},"end":{"line":121,"column":1}},"line":10},"1":{"name":"(anonymous_1)","decl":{"start":{"line":14,"column":34},"end":{"line":14,"column":35}},"loc":{"start":{"line":14,"column":45},"end":{"line":14,"column":61}},"line":14},"2":{"name":"(anonymous_2)","decl":{"start":{"line":22,"column":14},"end":{"line":22,"column":15}},"loc":{"start":{"line":22,"column":20},"end":{"line":24,"column":5}},"line":22},"3":{"name":"(anonymous_3)","decl":{"start":{"line":26,"column":31},"end":{"line":26,"column":32}},"loc":{"start":{"line":26,"column":47},"end":{"line":31,"column":5}},"line":26},"4":{"name":"(anonymous_4)","decl":{"start":{"line":27,"column":17},"end":{"line":27,"column":18}},"loc":{"start":{"line":27,"column":30},"end":{"line":30,"column":9}},"line":27},"5":{"name":"(anonymous_5)","decl":{"start":{"line":33,"column":22},"end":{"line":33,"column":23}},"loc":{"start":{"line":33,"column":34},"end":{"line":57,"column":5}},"line":33},"6":{"name":"(anonymous_6)","decl":{"start":{"line":34,"column":17},"end":{"line":34,"column":18}},"loc":{"start":{"line":34,"column":30},"end":{"line":37,"column":9}},"line":34},"7":{"name":"(anonymous_7)","decl":{"start":{"line":59,"column":30},"end":{"line":59,"column":31}},"loc":{"start":{"line":59,"column":36},"end":{"line":82,"column":5}},"line":59},"8":{"name":"(anonymous_8)","decl":{"start":{"line":95,"column":38},"end":{"line":95,"column":39}},"loc":{"start":{"line":95,"column":48},"end":{"line":95,"column":81}},"line":95},"9":{"name":"(anonymous_9)","decl":{"start":{"line":102,"column":38},"end":{"line":102,"column":39}},"loc":{"start":{"line":102,"column":48},"end":{"line":102,"column":84}},"line":102},"10":{"name":"(anonymous_10)","decl":{"start":{"line":106,"column":37},"end":{"line":106,"column":38}},"loc":{"start":{"line":106,"column":43},"end":{"line":106,"column":62}},"line":106},"11":{"name":"(anonymous_11)","decl":{"start":{"line":110,"column":37},"end":{"line":110,"column":38}},"loc":{"start":{"line":110,"column":43},"end":{"line":110,"column":72}},"line":110}},"branchMap":{"0":{"loc":{"start":{"line":63,"column":8},"end":{"line":81,"column":9}},"type":"if","locations":[{"start":{"line":63,"column":8},"end":{"line":81,"column":9}},{"start":{"line":67,"column":13},"end":{"line":81,"column":9}}],"line":63},"1":{"loc":{"start":{"line":67,"column":13},"end":{"line":81,"column":9}},"type":"if","locations":[{"start":{"line":67,"column":13},"end":{"line":81,"column":9}},{"start":{"line":71,"column":13},"end":{"line":81,"column":9}}],"line":67},"2":{"loc":{"start":{"line":71,"column":13},"end":{"line":81,"column":9}},"type":"if","locations":[{"start":{"line":71,"column":13},"end":{"line":81,"column":9}},{"start":{"line":75,"column":13},"end":{"line":81,"column":9}}],"line":71},"3":{"loc":{"start":{"line":75,"column":13},"end":{"line":81,"column":9}},"type":"if","locations":[{"start":{"line":75,"column":13},"end":{"line":81,"column":9}},{"start":{"line":79,"column":13},"end":{"line":81,"column":9}}],"line":75},"4":{"loc":{"start":{"line":116,"column":13},"end":{"line":117,"column":64}},"type":"binary-expr","locations":[{"start":{"line":116,"column":13},"end":{"line":116,"column":33}},{"start":{"line":117,"column":16},"end":{"line":117,"column":64}}],"line":116}},"s":{"0":0,"1":0,"2":0,"3":0,"4":0,"5":0,"6":0,"7":0,"8":0,"9":0,"10":0,"11":0,"12":0,"13":0,"14":0,"15":0,"16":0,"17":0,"18":0,"19":0,"20":0,"21":0,"22":0,"23":0,"24":0,"25":0,"26":0,"27":0,"28":0,"29":0,"30":0,"31":0,"32":0,"33":0,"34":0,"35":0,"36":0},"f":{"0":0,"1":0,"2":0,"3":0,"4":0,"5":0,"6":0,"7":0,"8":0,"9":0,"10":0,"11":0},"b":{"0":[0,0],"1":[0,0],"2":[0,0],"3":[0,0],"4":[0,0]}}
,"/Users/tristatetechnology/Kiran/Training/ReduxProject/Src/Screens/SignUp/SignUp.js": {"path":"/Users/tristatetechnology/Kiran/Training/ReduxProject/Src/Screens/SignUp/SignUp.js","statementMap":{"0":{"start":{"line":9,"column":21},"end":{"line":9,"column":34}},"1":{"start":{"line":11,"column":22},"end":{"line":11,"column":63}},"2":{"start":{"line":11,"column":45},"end":{"line":11,"column":62}},"3":{"start":{"line":13,"column":30},"end":{"line":18,"column":6}},"4":{"start":{"line":20,"column":4},"end":{"line":22,"column":28}},"5":{"start":{"line":21,"column":8},"end":{"line":21,"column":44}},"6":{"start":{"line":24,"column":31},"end":{"line":29,"column":5}},"7":{"start":{"line":25,"column":8},"end":{"line":28,"column":12}},"8":{"start":{"line":25,"column":30},"end":{"line":28,"column":9}},"9":{"start":{"line":31,"column":19},"end":{"line":42,"column":5}},"10":{"start":{"line":32,"column":21},"end":{"line":39,"column":9}},"11":{"start":{"line":40,"column":8},"end":{"line":40,"column":50}},"12":{"start":{"line":41,"column":8},"end":{"line":41,"column":44}},"13":{"start":{"line":44,"column":4},"end":{"line":76,"column":6}},"14":{"start":{"line":54,"column":48},"end":{"line":54,"column":84}},"15":{"start":{"line":60,"column":48},"end":{"line":60,"column":81}},"16":{"start":{"line":67,"column":48},"end":{"line":67,"column":84}},"17":{"start":{"line":70,"column":39},"end":{"line":70,"column":47}},"18":{"start":{"line":79,"column":15},"end":{"line":97,"column":2}}},"fnMap":{"0":{"name":"HomeScreen","decl":{"start":{"line":8,"column":24},"end":{"line":8,"column":34}},"loc":{"start":{"line":8,"column":58},"end":{"line":77,"column":1}},"line":8},"1":{"name":"(anonymous_1)","decl":{"start":{"line":11,"column":34},"end":{"line":11,"column":35}},"loc":{"start":{"line":11,"column":45},"end":{"line":11,"column":62}},"line":11},"2":{"name":"(anonymous_2)","decl":{"start":{"line":20,"column":14},"end":{"line":20,"column":15}},"loc":{"start":{"line":20,"column":20},"end":{"line":22,"column":5}},"line":20},"3":{"name":"(anonymous_3)","decl":{"start":{"line":24,"column":31},"end":{"line":24,"column":32}},"loc":{"start":{"line":24,"column":47},"end":{"line":29,"column":5}},"line":24},"4":{"name":"(anonymous_4)","decl":{"start":{"line":25,"column":17},"end":{"line":25,"column":18}},"loc":{"start":{"line":25,"column":30},"end":{"line":28,"column":9}},"line":25},"5":{"name":"(anonymous_5)","decl":{"start":{"line":31,"column":19},"end":{"line":31,"column":20}},"loc":{"start":{"line":31,"column":25},"end":{"line":42,"column":5}},"line":31},"6":{"name":"(anonymous_6)","decl":{"start":{"line":54,"column":38},"end":{"line":54,"column":39}},"loc":{"start":{"line":54,"column":48},"end":{"line":54,"column":84}},"line":54},"7":{"name":"(anonymous_7)","decl":{"start":{"line":60,"column":38},"end":{"line":60,"column":39}},"loc":{"start":{"line":60,"column":48},"end":{"line":60,"column":81}},"line":60},"8":{"name":"(anonymous_8)","decl":{"start":{"line":67,"column":38},"end":{"line":67,"column":39}},"loc":{"start":{"line":67,"column":48},"end":{"line":67,"column":84}},"line":67},"9":{"name":"(anonymous_9)","decl":{"start":{"line":70,"column":33},"end":{"line":70,"column":34}},"loc":{"start":{"line":70,"column":39},"end":{"line":70,"column":47}},"line":70}},"branchMap":{},"s":{"0":0,"1":0,"2":0,"3":0,"4":0,"5":0,"6":0,"7":0,"8":0,"9":0,"10":0,"11":0,"12":0,"13":0,"14":0,"15":0,"16":0,"17":0,"18":0},"f":{"0":0,"1":0,"2":0,"3":0,"4":0,"5":0,"6":0,"7":0,"8":0,"9":0},"b":{}}
,"/Users/tristatetechnology/Kiran/Training/ReduxProject/Src/Screens/profile/ProfileScreen.js": {"path":"/Users/tristatetechnology/Kiran/Training/ReduxProject/Src/Screens/profile/ProfileScreen.js","statementMap":{"0":{"start":{"line":5,"column":30},"end":{"line":7,"column":6}},"1":{"start":{"line":9,"column":4},"end":{"line":16,"column":6}},"2":{"start":{"line":19,"column":15},"end":{"line":35,"column":2}}},"fnMap":{"0":{"name":"ProfileScreen","decl":{"start":{"line":4,"column":24},"end":{"line":4,"column":37}},"loc":{"start":{"line":4,"column":61},"end":{"line":17,"column":1}},"line":4}},"branchMap":{},"s":{"0":0,"1":0,"2":0},"f":{"0":0},"b":{}}
,"/Users/tristatetechnology/Kiran/Training/ReduxProject/Src/Store/Counter.js": {"path":"/Users/tristatetechnology/Kiran/Training/ReduxProject/Src/Store/Counter.js","statementMap":{"0":{"start":{"line":6,"column":16},"end":{"line":28,"column":1}},"1":{"start":{"line":7,"column":15},"end":{"line":7,"column":60}},"2":{"start":{"line":7,"column":38},"end":{"line":7,"column":59}},"3":{"start":{"line":8,"column":19},"end":{"line":8,"column":32}},"4":{"start":{"line":10,"column":2},"end":{"line":27,"column":4}},"5":{"start":{"line":14,"column":23},"end":{"line":14,"column":43}},"6":{"start":{"line":22,"column":23},"end":{"line":22,"column":47}}},"fnMap":{"0":{"name":"(anonymous_0)","decl":{"start":{"line":6,"column":16},"end":{"line":6,"column":17}},"loc":{"start":{"line":6,"column":22},"end":{"line":28,"column":1}},"line":6},"1":{"name":"(anonymous_1)","decl":{"start":{"line":7,"column":27},"end":{"line":7,"column":28}},"loc":{"start":{"line":7,"column":38},"end":{"line":7,"column":59}},"line":7},"2":{"name":"(anonymous_2)","decl":{"start":{"line":14,"column":17},"end":{"line":14,"column":18}},"loc":{"start":{"line":14,"column":23},"end":{"line":14,"column":43}},"line":14},"3":{"name":"(anonymous_3)","decl":{"start":{"line":22,"column":17},"end":{"line":22,"column":18}},"loc":{"start":{"line":22,"column":23},"end":{"line":22,"column":47}},"line":22}},"branchMap":{},"s":{"0":0,"1":0,"2":0,"3":0,"4":0,"5":0,"6":0},"f":{"0":0,"1":0,"2":0,"3":0},"b":{}}
,"/Users/tristatetechnology/Kiran/Training/ReduxProject/Src/Store/action.js": {"path":"/Users/tristatetechnology/Kiran/Training/ReduxProject/Src/Store/action.js","statementMap":{"0":{"start":{"line":3,"column":24},"end":{"line":5,"column":2}},"1":{"start":{"line":3,"column":31},"end":{"line":5,"column":1}},"2":{"start":{"line":7,"column":28},"end":{"line":9,"column":2}},"3":{"start":{"line":7,"column":35},"end":{"line":9,"column":1}}},"fnMap":{"0":{"name":"(anonymous_0)","decl":{"start":{"line":3,"column":24},"end":{"line":3,"column":25}},"loc":{"start":{"line":3,"column":31},"end":{"line":5,"column":1}},"line":3},"1":{"name":"(anonymous_1)","decl":{"start":{"line":7,"column":28},"end":{"line":7,"column":29}},"loc":{"start":{"line":7,"column":35},"end":{"line":9,"column":1}},"line":7}},"branchMap":{},"s":{"0":0,"1":0,"2":0,"3":0},"f":{"0":0,"1":0},"b":{}}
,"/Users/tristatetechnology/Kiran/Training/ReduxProject/Src/Store/actionType.js": {"path":"/Users/tristatetechnology/Kiran/Training/ReduxProject/Src/Store/actionType.js","statementMap":{"0":{"start":{"line":1,"column":24},"end":{"line":1,"column":34}},"1":{"start":{"line":2,"column":28},"end":{"line":2,"column":42}},"2":{"start":{"line":5,"column":29},"end":{"line":5,"column":46}},"3":{"start":{"line":6,"column":29},"end":{"line":6,"column":46}}},"fnMap":{},"branchMap":{},"s":{"0":0,"1":0,"2":0,"3":0},"f":{},"b":{}}
,"/Users/tristatetechnology/Kiran/Training/ReduxProject/Src/Store/index.js": {"path":"/Users/tristatetechnology/Kiran/Training/ReduxProject/Src/Store/index.js","statementMap":{},"fnMap":{},"branchMap":{},"s":{},"f":{},"b":{}}
,"/Users/tristatetechnology/Kiran/Training/ReduxProject/Src/Store/reducers.js": {"path":"/Users/tristatetechnology/Kiran/Training/ReduxProject/Src/Store/reducers.js","statementMap":{"0":{"start":{"line":3,"column":22},"end":{"line":5,"column":1}},"1":{"start":{"line":8,"column":27},"end":{"line":19,"column":1}},"2":{"start":{"line":10,"column":4},"end":{"line":18,"column":5}},"3":{"start":{"line":12,"column":12},"end":{"line":12,"column":55}},"4":{"start":{"line":15,"column":16},"end":{"line":15,"column":59}},"5":{"start":{"line":17,"column":12},"end":{"line":17,"column":25}}},"fnMap":{"0":{"name":"(anonymous_0)","decl":{"start":{"line":8,"column":27},"end":{"line":8,"column":28}},"loc":{"start":{"line":8,"column":61},"end":{"line":19,"column":1}},"line":8}},"branchMap":{"0":{"loc":{"start":{"line":8,"column":28},"end":{"line":8,"column":49}},"type":"default-arg","locations":[{"start":{"line":8,"column":36},"end":{"line":8,"column":49}}],"line":8},"1":{"loc":{"start":{"line":10,"column":4},"end":{"line":18,"column":5}},"type":"switch","locations":[{"start":{"line":11,"column":8},"end":{"line":12,"column":55}},{"start":{"line":14,"column":12},"end":{"line":15,"column":59}},{"start":{"line":16,"column":8},"end":{"line":17,"column":25}}],"line":10}},"s":{"0":0,"1":0,"2":0,"3":0,"4":0,"5":0},"f":{"0":0},"b":{"0":[0],"1":[0,0,0]}}
,"/Users/tristatetechnology/Kiran/Training/ReduxProject/Src/Store/store.js": {"path":"/Users/tristatetechnology/Kiran/Training/ReduxProject/Src/Store/store.js","statementMap":{"0":{"start":{"line":4,"column":20},"end":{"line":6,"column":4}},"1":{"start":{"line":8,"column":21},"end":{"line":8,"column":45}}},"fnMap":{},"branchMap":{},"s":{"0":0,"1":0},"f":{},"b":{}}
,"/Users/tristatetechnology/Kiran/Training/ReduxProject/Src/api/Request.js": {"path":"/Users/tristatetechnology/Kiran/Training/ReduxProject/Src/api/Request.js","statementMap":{"0":{"start":{"line":13,"column":19},"end":{"line":23,"column":2}},"1":{"start":{"line":13,"column":32},"end":{"line":23,"column":1}},"2":{"start":{"line":37,"column":24},"end":{"line":46,"column":1}},"3":{"start":{"line":38,"column":21},"end":{"line":38,"column":89}},"4":{"start":{"line":39,"column":3},"end":{"line":45,"column":4}},"5":{"start":{"line":40,"column":6},"end":{"line":40,"column":35}},"6":{"start":{"line":43,"column":6},"end":{"line":43,"column":92}},"7":{"start":{"line":49,"column":17},"end":{"line":51,"column":1}},"8":{"start":{"line":50,"column":3},"end":{"line":50,"column":86}},"9":{"start":{"line":55,"column":23},"end":{"line":58,"column":1}},"10":{"start":{"line":56,"column":23},"end":{"line":56,"column":93}},"11":{"start":{"line":57,"column":3},"end":{"line":57,"column":22}},"12":{"start":{"line":62,"column":28},"end":{"line":65,"column":1}},"13":{"start":{"line":63,"column":17},"end":{"line":63,"column":38}},"14":{"start":{"line":64,"column":3},"end":{"line":64,"column":28}},"15":{"start":{"line":72,"column":16},"end":{"line":83,"column":1}},"16":{"start":{"line":73,"column":3},"end":{"line":82,"column":6}},"17":{"start":{"line":74,"column":22},"end":{"line":80,"column":20}},"18":{"start":{"line":75,"column":9},"end":{"line":79,"column":12}},"19":{"start":{"line":81,"column":6},"end":{"line":81,"column":36}},"20":{"start":{"line":86,"column":24},"end":{"line":90,"column":1}},"21":{"start":{"line":87,"column":18},"end":{"line":87,"column":58}},"22":{"start":{"line":88,"column":3},"end":{"line":88,"column":37}},"23":{"start":{"line":89,"column":3},"end":{"line":89,"column":47}},"24":{"start":{"line":99,"column":21},"end":{"line":142,"column":1}},"25":{"start":{"line":100,"column":3},"end":{"line":139,"column":4}},"26":{"start":{"line":102,"column":6},"end":{"line":134,"column":7}},"27":{"start":{"line":103,"column":25},"end":{"line":103,"column":43}},"28":{"start":{"line":104,"column":9},"end":{"line":104,"column":43}},"29":{"start":{"line":105,"column":9},"end":{"line":105,"column":135}},"30":{"start":{"line":106,"column":26},"end":{"line":109,"column":12}},"31":{"start":{"line":110,"column":24},"end":{"line":110,"column":45}},"32":{"start":{"line":111,"column":10},"end":{"line":114,"column":13}},"33":{"start":{"line":115,"column":9},"end":{"line":115,"column":82}},"34":{"start":{"line":116,"column":9},"end":{"line":116,"column":66}},"35":{"start":{"line":119,"column":9},"end":{"line":119,"column":43}},"36":{"start":{"line":120,"column":9},"end":{"line":133,"column":10}},"37":{"start":{"line":121,"column":12},"end":{"line":132,"column":13}},"38":{"start":{"line":123,"column":15},"end":{"line":123,"column":43}},"39":{"start":{"line":124,"column":15},"end":{"line":124,"column":28}},"40":{"start":{"line":131,"column":15},"end":{"line":131,"column":28}},"41":{"start":{"line":143,"column":24},"end":{"line":186,"column":1}},"42":{"start":{"line":144,"column":3},"end":{"line":185,"column":4}},"43":{"start":{"line":146,"column":6},"end":{"line":181,"column":7}},"44":{"start":{"line":147,"column":25},"end":{"line":147,"column":46}},"45":{"start":{"line":148,"column":9},"end":{"line":148,"column":43}},"46":{"start":{"line":149,"column":9},"end":{"line":149,"column":135}},"47":{"start":{"line":150,"column":26},"end":{"line":153,"column":12}},"48":{"start":{"line":154,"column":24},"end":{"line":154,"column":45}},"49":{"start":{"line":155,"column":9},"end":{"line":158,"column":13}},"50":{"start":{"line":159,"column":9},"end":{"line":159,"column":82}},"51":{"start":{"line":160,"column":9},"end":{"line":160,"column":66}},"52":{"start":{"line":163,"column":9},"end":{"line":163,"column":51}},"53":{"start":{"line":164,"column":9},"end":{"line":180,"column":10}},"54":{"start":{"line":165,"column":12},"end":{"line":179,"column":13}},"55":{"start":{"line":167,"column":15},"end":{"line":167,"column":43}},"56":{"start":{"line":168,"column":15},"end":{"line":168,"column":28}},"57":{"start":{"line":170,"column":17},"end":{"line":179,"column":13}},"58":{"start":{"line":171,"column":15},"end":{"line":171,"column":54}},"59":{"start":{"line":178,"column":15},"end":{"line":178,"column":28}},"60":{"start":{"line":192,"column":30},"end":{"line":208,"column":1}},"61":{"start":{"line":193,"column":3},"end":{"line":207,"column":6}},"62":{"start":{"line":194,"column":6},"end":{"line":205,"column":8}},"63":{"start":{"line":200,"column":15},"end":{"line":200,"column":44}},"64":{"start":{"line":206,"column":6},"end":{"line":206,"column":21}},"65":{"start":{"line":216,"column":32},"end":{"line":250,"column":1}},"66":{"start":{"line":217,"column":18},"end":{"line":217,"column":26}},"67":{"start":{"line":222,"column":3},"end":{"line":225,"column":4}},"68":{"start":{"line":223,"column":6},"end":{"line":223,"column":37}},"69":{"start":{"line":224,"column":6},"end":{"line":224,"column":19}},"70":{"start":{"line":229,"column":3},"end":{"line":231,"column":4}},"71":{"start":{"line":230,"column":6},"end":{"line":230,"column":52}},"72":{"start":{"line":234,"column":3},"end":{"line":240,"column":4}},"73":{"start":{"line":235,"column":6},"end":{"line":238,"column":7}},"74":{"start":{"line":236,"column":9},"end":{"line":236,"column":40}},"75":{"start":{"line":239,"column":6},"end":{"line":239,"column":27}},"76":{"start":{"line":244,"column":3},"end":{"line":246,"column":4}},"77":{"start":{"line":245,"column":6},"end":{"line":245,"column":57}},"78":{"start":{"line":248,"column":3},"end":{"line":248,"column":17}},"79":{"start":{"line":259,"column":12},"end":{"line":264,"column":2}},"80":{"start":{"line":259,"column":41},"end":{"line":264,"column":1}},"81":{"start":{"line":273,"column":13},"end":{"line":281,"column":1}},"82":{"start":{"line":274,"column":3},"end":{"line":280,"column":4}},"83":{"start":{"line":283,"column":16},"end":{"line":291,"column":1}},"84":{"start":{"line":284,"column":3},"end":{"line":290,"column":4}},"85":{"start":{"line":299,"column":12},"end":{"line":307,"column":4}},"86":{"start":{"line":300,"column":3},"end":{"line":307,"column":4}},"87":{"start":{"line":316,"column":22},"end":{"line":324,"column":4}},"88":{"start":{"line":317,"column":3},"end":{"line":324,"column":4}},"89":{"start":{"line":326,"column":15},"end":{"line":329,"column":1}},"90":{"start":{"line":327,"column":3},"end":{"line":327,"column":31}},"91":{"start":{"line":328,"column":3},"end":{"line":328,"column":48}},"92":{"start":{"line":333,"column":16},"end":{"line":342,"column":1}}},"fnMap":{"0":{"name":"(anonymous_0)","decl":{"start":{"line":13,"column":19},"end":{"line":13,"column":20}},"loc":{"start":{"line":13,"column":32},"end":{"line":23,"column":1}},"line":13},"1":{"name":"(anonymous_1)","decl":{"start":{"line":37,"column":24},"end":{"line":37,"column":25}},"loc":{"start":{"line":37,"column":36},"end":{"line":46,"column":1}},"line":37},"2":{"name":"(anonymous_2)","decl":{"start":{"line":49,"column":17},"end":{"line":49,"column":18}},"loc":{"start":{"line":49,"column":34},"end":{"line":51,"column":1}},"line":49},"3":{"name":"(anonymous_3)","decl":{"start":{"line":55,"column":23},"end":{"line":55,"column":24}},"loc":{"start":{"line":55,"column":35},"end":{"line":58,"column":1}},"line":55},"4":{"name":"(anonymous_4)","decl":{"start":{"line":62,"column":28},"end":{"line":62,"column":29}},"loc":{"start":{"line":62,"column":40},"end":{"line":65,"column":1}},"line":62},"5":{"name":"(anonymous_5)","decl":{"start":{"line":72,"column":16},"end":{"line":72,"column":17}},"loc":{"start":{"line":72,"column":29},"end":{"line":83,"column":1}},"line":72},"6":{"name":"(anonymous_6)","decl":{"start":{"line":73,"column":22},"end":{"line":73,"column":23}},"loc":{"start":{"line":73,"column":43},"end":{"line":82,"column":4}},"line":73},"7":{"name":"(anonymous_7)","decl":{"start":{"line":74,"column":33},"end":{"line":74,"column":34}},"loc":{"start":{"line":74,"column":39},"end":{"line":80,"column":7}},"line":74},"8":{"name":"(anonymous_8)","decl":{"start":{"line":86,"column":24},"end":{"line":86,"column":25}},"loc":{"start":{"line":86,"column":52},"end":{"line":90,"column":1}},"line":86},"9":{"name":"(anonymous_9)","decl":{"start":{"line":99,"column":21},"end":{"line":99,"column":22}},"loc":{"start":{"line":99,"column":75},"end":{"line":142,"column":1}},"line":99},"10":{"name":"(anonymous_10)","decl":{"start":{"line":143,"column":24},"end":{"line":143,"column":25}},"loc":{"start":{"line":143,"column":78},"end":{"line":186,"column":1}},"line":143},"11":{"name":"(anonymous_11)","decl":{"start":{"line":192,"column":30},"end":{"line":192,"column":31}},"loc":{"start":{"line":192,"column":49},"end":{"line":208,"column":1}},"line":192},"12":{"name":"(anonymous_12)","decl":{"start":{"line":193,"column":22},"end":{"line":193,"column":23}},"loc":{"start":{"line":193,"column":43},"end":{"line":207,"column":4}},"line":193},"13":{"name":"(anonymous_13)","decl":{"start":{"line":199,"column":21},"end":{"line":199,"column":22}},"loc":{"start":{"line":199,"column":33},"end":{"line":202,"column":13}},"line":199},"14":{"name":"(anonymous_14)","decl":{"start":{"line":216,"column":32},"end":{"line":216,"column":33}},"loc":{"start":{"line":216,"column":70},"end":{"line":250,"column":1}},"line":216},"15":{"name":"(anonymous_15)","decl":{"start":{"line":259,"column":12},"end":{"line":259,"column":13}},"loc":{"start":{"line":259,"column":41},"end":{"line":264,"column":1}},"line":259},"16":{"name":"(anonymous_16)","decl":{"start":{"line":273,"column":13},"end":{"line":273,"column":14}},"loc":{"start":{"line":274,"column":3},"end":{"line":280,"column":4}},"line":274},"17":{"name":"(anonymous_17)","decl":{"start":{"line":283,"column":16},"end":{"line":283,"column":17}},"loc":{"start":{"line":284,"column":3},"end":{"line":290,"column":4}},"line":284},"18":{"name":"(anonymous_18)","decl":{"start":{"line":299,"column":12},"end":{"line":299,"column":13}},"loc":{"start":{"line":300,"column":3},"end":{"line":307,"column":4}},"line":300},"19":{"name":"(anonymous_19)","decl":{"start":{"line":316,"column":22},"end":{"line":316,"column":23}},"loc":{"start":{"line":317,"column":3},"end":{"line":324,"column":4}},"line":317},"20":{"name":"(anonymous_20)","decl":{"start":{"line":326,"column":15},"end":{"line":326,"column":16}},"loc":{"start":{"line":326,"column":27},"end":{"line":329,"column":1}},"line":326}},"branchMap":{"0":{"loc":{"start":{"line":18,"column":18},"end":{"line":18,"column":55}},"type":"cond-expr","locations":[{"start":{"line":18,"column":46},"end":{"line":18,"column":49}},{"start":{"line":18,"column":52},"end":{"line":18,"column":55}}],"line":18},"1":{"loc":{"start":{"line":19,"column":9},"end":{"line":19,"column":54}},"type":"cond-expr","locations":[{"start":{"line":19,"column":37},"end":{"line":19,"column":46}},{"start":{"line":19,"column":49},"end":{"line":19,"column":54}}],"line":19},"2":{"loc":{"start":{"line":39,"column":3},"end":{"line":45,"column":4}},"type":"if","locations":[{"start":{"line":39,"column":3},"end":{"line":45,"column":4}},{"start":{"line":42,"column":8},"end":{"line":45,"column":4}}],"line":39},"3":{"loc":{"start":{"line":99,"column":38},"end":{"line":99,"column":49}},"type":"default-arg","locations":[{"start":{"line":99,"column":47},"end":{"line":99,"column":49}}],"line":99},"4":{"loc":{"start":{"line":99,"column":51},"end":{"line":99,"column":70}},"type":"default-arg","locations":[{"start":{"line":99,"column":61},"end":{"line":99,"column":70}}],"line":99},"5":{"loc":{"start":{"line":100,"column":3},"end":{"line":139,"column":4}},"type":"if","locations":[{"start":{"line":100,"column":3},"end":{"line":139,"column":4}},{"start":{"line":136,"column":8},"end":{"line":139,"column":4}}],"line":100},"6":{"loc":{"start":{"line":120,"column":9},"end":{"line":133,"column":10}},"type":"if","locations":[{"start":{"line":120,"column":9},"end":{"line":133,"column":10}},{"start":{},"end":{}}],"line":120},"7":{"loc":{"start":{"line":121,"column":12},"end":{"line":132,"column":13}},"type":"if","locations":[{"start":{"line":121,"column":12},"end":{"line":132,"column":13}},{"start":{"line":126,"column":17},"end":{"line":132,"column":13}}],"line":121},"8":{"loc":{"start":{"line":143,"column":41},"end":{"line":143,"column":52}},"type":"default-arg","locations":[{"start":{"line":143,"column":50},"end":{"line":143,"column":52}}],"line":143},"9":{"loc":{"start":{"line":143,"column":54},"end":{"line":143,"column":73}},"type":"default-arg","locations":[{"start":{"line":143,"column":64},"end":{"line":143,"column":73}}],"line":143},"10":{"loc":{"start":{"line":144,"column":3},"end":{"line":185,"column":4}},"type":"if","locations":[{"start":{"line":144,"column":3},"end":{"line":185,"column":4}},{"start":{"line":183,"column":8},"end":{"line":185,"column":4}}],"line":144},"11":{"loc":{"start":{"line":164,"column":9},"end":{"line":180,"column":10}},"type":"if","locations":[{"start":{"line":164,"column":9},"end":{"line":180,"column":10}},{"start":{},"end":{}}],"line":164},"12":{"loc":{"start":{"line":165,"column":12},"end":{"line":179,"column":13}},"type":"if","locations":[{"start":{"line":165,"column":12},"end":{"line":179,"column":13}},{"start":{"line":170,"column":17},"end":{"line":179,"column":13}}],"line":165},"13":{"loc":{"start":{"line":170,"column":17},"end":{"line":179,"column":13}},"type":"if","locations":[{"start":{"line":170,"column":17},"end":{"line":179,"column":13}},{"start":{"line":173,"column":17},"end":{"line":179,"column":13}}],"line":170},"14":{"loc":{"start":{"line":222,"column":3},"end":{"line":225,"column":4}},"type":"if","locations":[{"start":{"line":222,"column":3},"end":{"line":225,"column":4}},{"start":{},"end":{}}],"line":222},"15":{"loc":{"start":{"line":222,"column":7},"end":{"line":222,"column":47}},"type":"binary-expr","locations":[{"start":{"line":222,"column":7},"end":{"line":222,"column":25}},{"start":{"line":222,"column":29},"end":{"line":222,"column":47}}],"line":222},"16":{"loc":{"start":{"line":229,"column":3},"end":{"line":231,"column":4}},"type":"if","locations":[{"start":{"line":229,"column":3},"end":{"line":231,"column":4}},{"start":{},"end":{}}],"line":229},"17":{"loc":{"start":{"line":234,"column":3},"end":{"line":240,"column":4}},"type":"if","locations":[{"start":{"line":234,"column":3},"end":{"line":240,"column":4}},{"start":{},"end":{}}],"line":234},"18":{"loc":{"start":{"line":234,"column":7},"end":{"line":234,"column":133}},"type":"binary-expr","locations":[{"start":{"line":234,"column":7},"end":{"line":234,"column":47}},{"start":{"line":234,"column":51},"end":{"line":234,"column":90}},{"start":{"line":234,"column":94},"end":{"line":234,"column":133}}],"line":234},"19":{"loc":{"start":{"line":235,"column":6},"end":{"line":238,"column":7}},"type":"if","locations":[{"start":{"line":235,"column":6},"end":{"line":238,"column":7}},{"start":{},"end":{}}],"line":235},"20":{"loc":{"start":{"line":235,"column":10},"end":{"line":235,"column":92}},"type":"binary-expr","locations":[{"start":{"line":235,"column":10},"end":{"line":235,"column":49}},{"start":{"line":235,"column":53},"end":{"line":235,"column":92}}],"line":235},"21":{"loc":{"start":{"line":244,"column":3},"end":{"line":246,"column":4}},"type":"if","locations":[{"start":{"line":244,"column":3},"end":{"line":246,"column":4}},{"start":{},"end":{}}],"line":244},"22":{"loc":{"start":{"line":278,"column":15},"end":{"line":278,"column":47}},"type":"binary-expr","locations":[{"start":{"line":278,"column":15},"end":{"line":278,"column":21}},{"start":{"line":278,"column":25},"end":{"line":278,"column":47}}],"line":278},"23":{"loc":{"start":{"line":299,"column":31},"end":{"line":299,"column":50}},"type":"default-arg","locations":[{"start":{"line":299,"column":41},"end":{"line":299,"column":50}}],"line":299},"24":{"loc":{"start":{"line":304,"column":15},"end":{"line":304,"column":47}},"type":"binary-expr","locations":[{"start":{"line":304,"column":15},"end":{"line":304,"column":21}},{"start":{"line":304,"column":25},"end":{"line":304,"column":47}}],"line":304},"25":{"loc":{"start":{"line":316,"column":33},"end":{"line":316,"column":44}},"type":"default-arg","locations":[{"start":{"line":316,"column":42},"end":{"line":316,"column":44}}],"line":316},"26":{"loc":{"start":{"line":316,"column":46},"end":{"line":316,"column":65}},"type":"default-arg","locations":[{"start":{"line":316,"column":56},"end":{"line":316,"column":65}}],"line":316}},"s":{"0":0,"1":0,"2":0,"3":0,"4":0,"5":0,"6":0,"7":0,"8":0,"9":0,"10":0,"11":0,"12":0,"13":0,"14":0,"15":0,"16":0,"17":0,"18":0,"19":0,"20":0,"21":0,"22":0,"23":0,"24":0,"25":0,"26":0,"27":0,"28":0,"29":0,"30":0,"31":0,"32":0,"33":0,"34":0,"35":0,"36":0,"37":0,"38":0,"39":0,"40":0,"41":0,"42":0,"43":0,"44":0,"45":0,"46":0,"47":0,"48":0,"49":0,"50":0,"51":0,"52":0,"53":0,"54":0,"55":0,"56":0,"57":0,"58":0,"59":0,"60":0,"61":0,"62":0,"63":0,"64":0,"65":0,"66":0,"67":0,"68":0,"69":0,"70":0,"71":0,"72":0,"73":0,"74":0,"75":0,"76":0,"77":0,"78":0,"79":0,"80":0,"81":0,"82":0,"83":0,"84":0,"85":0,"86":0,"87":0,"88":0,"89":0,"90":0,"91":0,"92":0},"f":{"0":0,"1":0,"2":0,"3":0,"4":0,"5":0,"6":0,"7":0,"8":0,"9":0,"10":0,"11":0,"12":0,"13":0,"14":0,"15":0,"16":0,"17":0,"18":0,"19":0,"20":0},"b":{"0":[0,0],"1":[0,0],"2":[0,0],"3":[0],"4":[0],"5":[0,0],"6":[0,0],"7":[0,0],"8":[0],"9":[0],"10":[0,0],"11":[0,0],"12":[0,0],"13":[0,0],"14":[0,0],"15":[0,0],"16":[0,0],"17":[0,0],"18":[0,0,0],"19":[0,0],"20":[0,0],"21":[0,0],"22":[0,0],"23":[0],"24":[0,0],"25":[0],"26":[0]}}
,"/Users/tristatetechnology/Kiran/Training/ReduxProject/Src/api/UserService.js": {"path":"/Users/tristatetechnology/Kiran/Training/ReduxProject/Src/api/UserService.js","statementMap":{"0":{"start":{"line":11,"column":20},"end":{"line":41,"column":1}},"1":{"start":{"line":13,"column":8},"end":{"line":13,"column":36}},"2":{"start":{"line":14,"column":9},"end":{"line":22,"column":29}},"3":{"start":{"line":15,"column":12},"end":{"line":15,"column":56}},"4":{"start":{"line":16,"column":12},"end":{"line":19,"column":13}},"5":{"start":{"line":17,"column":16},"end":{"line":17,"column":53}},"6":{"start":{"line":18,"column":16},"end":{"line":18,"column":28}},"7":{"start":{"line":21,"column":12},"end":{"line":21,"column":40}},"8":{"start":{"line":27,"column":8},"end":{"line":27,"column":37}},"9":{"start":{"line":28,"column":8},"end":{"line":39,"column":29}},"10":{"start":{"line":29,"column":12},"end":{"line":29,"column":64}},"11":{"start":{"line":30,"column":12},"end":{"line":36,"column":13}},"12":{"start":{"line":31,"column":16},"end":{"line":31,"column":54}},"13":{"start":{"line":34,"column":16},"end":{"line":34,"column":28}},"14":{"start":{"line":38,"column":12},"end":{"line":38,"column":37}}},"fnMap":{"0":{"name":"(anonymous_0)","decl":{"start":{"line":12,"column":4},"end":{"line":12,"column":5}},"loc":{"start":{"line":12,"column":32},"end":{"line":23,"column":5}},"line":12},"1":{"name":"(anonymous_1)","decl":{"start":{"line":14,"column":51},"end":{"line":14,"column":52}},"loc":{"start":{"line":14,"column":63},"end":{"line":20,"column":9}},"line":14},"2":{"name":"(anonymous_2)","decl":{"start":{"line":20,"column":17},"end":{"line":20,"column":18}},"loc":{"start":{"line":20,"column":23},"end":{"line":22,"column":9}},"line":20},"3":{"name":"(anonymous_3)","decl":{"start":{"line":22,"column":19},"end":{"line":22,"column":20}},"loc":{"start":{"line":22,"column":25},"end":{"line":22,"column":28}},"line":22},"4":{"name":"(anonymous_4)","decl":{"start":{"line":26,"column":6},"end":{"line":26,"column":7}},"loc":{"start":{"line":26,"column":36},"end":{"line":40,"column":5}},"line":26},"5":{"name":"(anonymous_5)","decl":{"start":{"line":28,"column":61},"end":{"line":28,"column":62}},"loc":{"start":{"line":28,"column":73},"end":{"line":37,"column":9}},"line":28},"6":{"name":"(anonymous_6)","decl":{"start":{"line":37,"column":17},"end":{"line":37,"column":18}},"loc":{"start":{"line":37,"column":23},"end":{"line":39,"column":9}},"line":37},"7":{"name":"(anonymous_7)","decl":{"start":{"line":39,"column":19},"end":{"line":39,"column":20}},"loc":{"start":{"line":39,"column":25},"end":{"line":39,"column":28}},"line":39}},"branchMap":{"0":{"loc":{"start":{"line":16,"column":12},"end":{"line":19,"column":13}},"type":"if","locations":[{"start":{"line":16,"column":12},"end":{"line":19,"column":13}},{"start":{},"end":{}}],"line":16},"1":{"loc":{"start":{"line":30,"column":12},"end":{"line":36,"column":13}},"type":"if","locations":[{"start":{"line":30,"column":12},"end":{"line":36,"column":13}},{"start":{},"end":{}}],"line":30}},"s":{"0":0,"1":0,"2":0,"3":0,"4":0,"5":0,"6":0,"7":0,"8":0,"9":0,"10":0,"11":0,"12":0,"13":0,"14":0},"f":{"0":0,"1":0,"2":0,"3":0,"4":0,"5":0,"6":0,"7":0},"b":{"0":[0,0],"1":[0,0]}}
,"/Users/tristatetechnology/Kiran/Training/ReduxProject/Src/api/apiConfig.js": {"path":"/Users/tristatetechnology/Kiran/Training/ReduxProject/Src/api/apiConfig.js","statementMap":{"0":{"start":{"line":5,"column":19},"end":{"line":12,"column":1}},"1":{"start":{"line":17,"column":15},"end":{"line":20,"column":1}},"2":{"start":{"line":25,"column":20},"end":{"line":29,"column":1}},"3":{"start":{"line":32,"column":19},"end":{"line":36,"column":1}}},"fnMap":{},"branchMap":{},"s":{"0":0,"1":0,"2":0,"3":0},"f":{},"b":{}}
,"/Users/tristatetechnology/Kiran/Training/ReduxProject/Src/navigation/AuthStack.js": {"path":"/Users/tristatetechnology/Kiran/Training/ReduxProject/Src/navigation/AuthStack.js","statementMap":{"0":{"start":{"line":4,"column":4},"end":{"line":9,"column":5}}},"fnMap":{"0":{"name":"(anonymous_0)","decl":{"start":{"line":3,"column":15},"end":{"line":3,"column":16}},"loc":{"start":{"line":3,"column":32},"end":{"line":10,"column":1}},"line":3}},"branchMap":{},"s":{"0":0},"f":{"0":0},"b":{}}
,"/Users/tristatetechnology/Kiran/Training/ReduxProject/Src/navigation/MainStack.js": {"path":"/Users/tristatetechnology/Kiran/Training/ReduxProject/Src/navigation/MainStack.js","statementMap":{"0":{"start":{"line":4,"column":4},"end":{"line":9,"column":5}}},"fnMap":{"0":{"name":"(anonymous_0)","decl":{"start":{"line":3,"column":15},"end":{"line":3,"column":16}},"loc":{"start":{"line":3,"column":32},"end":{"line":10,"column":1}},"line":3}},"branchMap":{},"s":{"0":0},"f":{"0":0},"b":{}}
,"/Users/tristatetechnology/Kiran/Training/ReduxProject/Src/navigation/Router.js": {"path":"/Users/tristatetechnology/Kiran/Training/ReduxProject/Src/navigation/Router.js","statementMap":{"0":{"start":{"line":7,"column":14},"end":{"line":7,"column":42}},"1":{"start":{"line":10,"column":2},"end":{"line":18,"column":4}}},"fnMap":{"0":{"name":"Router","decl":{"start":{"line":9,"column":24},"end":{"line":9,"column":30}},"loc":{"start":{"line":9,"column":33},"end":{"line":19,"column":1}},"line":9}},"branchMap":{},"s":{"0":0,"1":0},"f":{"0":0},"b":{}}
,"/Users/tristatetechnology/Kiran/Training/ReduxProject/Src/redux/actions.js": {"path":"/Users/tristatetechnology/Kiran/Training/ReduxProject/Src/redux/actions.js","statementMap":{"0":{"start":{"line":11,"column":28},"end":{"line":14,"column":2}},"1":{"start":{"line":11,"column":42},"end":{"line":14,"column":1}},"2":{"start":{"line":16,"column":28},"end":{"line":19,"column":2}},"3":{"start":{"line":16,"column":42},"end":{"line":19,"column":1}},"4":{"start":{"line":21,"column":28},"end":{"line":24,"column":2}},"5":{"start":{"line":21,"column":42},"end":{"line":24,"column":1}},"6":{"start":{"line":26,"column":29},"end":{"line":28,"column":5}},"7":{"start":{"line":26,"column":36},"end":{"line":28,"column":4}},"8":{"start":{"line":31,"column":30},"end":{"line":34,"column":2}},"9":{"start":{"line":31,"column":44},"end":{"line":34,"column":1}},"10":{"start":{"line":36,"column":29},"end":{"line":39,"column":2}},"11":{"start":{"line":36,"column":43},"end":{"line":39,"column":1}},"12":{"start":{"line":41,"column":29},"end":{"line":44,"column":2}},"13":{"start":{"line":41,"column":43},"end":{"line":44,"column":1}},"14":{"start":{"line":46,"column":30},"end":{"line":48,"column":5}},"15":{"start":{"line":46,"column":37},"end":{"line":48,"column":4}}},"fnMap":{"0":{"name":"(anonymous_0)","decl":{"start":{"line":11,"column":28},"end":{"line":11,"column":29}},"loc":{"start":{"line":11,"column":42},"end":{"line":14,"column":1}},"line":11},"1":{"name":"(anonymous_1)","decl":{"start":{"line":16,"column":28},"end":{"line":16,"column":29}},"loc":{"start":{"line":16,"column":42},"end":{"line":19,"column":1}},"line":16},"2":{"name":"(anonymous_2)","decl":{"start":{"line":21,"column":28},"end":{"line":21,"column":29}},"loc":{"start":{"line":21,"column":42},"end":{"line":24,"column":1}},"line":21},"3":{"name":"(anonymous_3)","decl":{"start":{"line":26,"column":29},"end":{"line":26,"column":30}},"loc":{"start":{"line":26,"column":36},"end":{"line":28,"column":4}},"line":26},"4":{"name":"(anonymous_4)","decl":{"start":{"line":31,"column":30},"end":{"line":31,"column":31}},"loc":{"start":{"line":31,"column":44},"end":{"line":34,"column":1}},"line":31},"5":{"name":"(anonymous_5)","decl":{"start":{"line":36,"column":29},"end":{"line":36,"column":30}},"loc":{"start":{"line":36,"column":43},"end":{"line":39,"column":1}},"line":36},"6":{"name":"(anonymous_6)","decl":{"start":{"line":41,"column":29},"end":{"line":41,"column":30}},"loc":{"start":{"line":41,"column":43},"end":{"line":44,"column":1}},"line":41},"7":{"name":"(anonymous_7)","decl":{"start":{"line":46,"column":30},"end":{"line":46,"column":31}},"loc":{"start":{"line":46,"column":37},"end":{"line":48,"column":4}},"line":46}},"branchMap":{},"s":{"0":0,"1":0,"2":0,"3":0,"4":0,"5":0,"6":0,"7":0,"8":0,"9":0,"10":0,"11":0,"12":0,"13":0,"14":0,"15":0},"f":{"0":0,"1":0,"2":0,"3":0,"4":0,"5":0,"6":0,"7":0},"b":{}}
,"/Users/tristatetechnology/Kiran/Training/ReduxProject/Src/redux/reduxStore.js": {"path":"/Users/tristatetechnology/Kiran/Training/ReduxProject/Src/redux/reduxStore.js","statementMap":{"0":{"start":{"line":13,"column":20},"end":{"line":16,"column":2}}},"fnMap":{},"branchMap":{},"s":{"0":0},"f":{},"b":{}}
,"/Users/tristatetechnology/Kiran/Training/ReduxProject/Src/redux/rootSaga.js": {"path":"/Users/tristatetechnology/Kiran/Training/ReduxProject/Src/redux/rootSaga.js","statementMap":{"0":{"start":{"line":6,"column":1},"end":{"line":6,"column":47}}},"fnMap":{"0":{"name":"rootSaga","decl":{"start":{"line":5,"column":10},"end":{"line":5,"column":18}},"loc":{"start":{"line":5,"column":21},"end":{"line":7,"column":1}},"line":5}},"branchMap":{},"s":{"0":0},"f":{"0":0},"b":{}}
,"/Users/tristatetechnology/Kiran/Training/ReduxProject/Src/redux/types.js": {"path":"/Users/tristatetechnology/Kiran/Training/ReduxProject/Src/redux/types.js","statementMap":{"0":{"start":{"line":5,"column":32},"end":{"line":10,"column":1}},"1":{"start":{"line":13,"column":33},"end":{"line":18,"column":2}}},"fnMap":{},"branchMap":{},"s":{"0":0,"1":0},"f":{},"b":{}}
,"/Users/tristatetechnology/Kiran/Training/ReduxProject/Src/redux/reducers/SignUpReducers.js": {"path":"/Users/tristatetechnology/Kiran/Training/ReduxProject/Src/redux/reducers/SignUpReducers.js","statementMap":{"0":{"start":{"line":3,"column":21},"end":{"line":7,"column":1}},"1":{"start":{"line":10,"column":4},"end":{"line":19,"column":5}},"2":{"start":{"line":12,"column":12},"end":{"line":12,"column":81}},"3":{"start":{"line":14,"column":12},"end":{"line":14,"column":95}},"4":{"start":{"line":16,"column":12},"end":{"line":16,"column":82}},"5":{"start":{"line":18,"column":12},"end":{"line":18,"column":25}}},"fnMap":{"0":{"name":"SignUpReducers","decl":{"start":{"line":9,"column":9},"end":{"line":9,"column":23}},"loc":{"start":{"line":9,"column":54},"end":{"line":20,"column":1}},"line":9}},"branchMap":{"0":{"loc":{"start":{"line":9,"column":24},"end":{"line":9,"column":44}},"type":"default-arg","locations":[{"start":{"line":9,"column":32},"end":{"line":9,"column":44}}],"line":9},"1":{"loc":{"start":{"line":10,"column":4},"end":{"line":19,"column":5}},"type":"switch","locations":[{"start":{"line":11,"column":8},"end":{"line":12,"column":81}},{"start":{"line":13,"column":12},"end":{"line":14,"column":95}},{"start":{"line":15,"column":12},"end":{"line":16,"column":82}},{"start":{"line":17,"column":8},"end":{"line":18,"column":25}}],"line":10}},"s":{"0":0,"1":0,"2":0,"3":0,"4":0,"5":0},"f":{"0":0},"b":{"0":[0],"1":[0,0,0,0]}}
,"/Users/tristatetechnology/Kiran/Training/ReduxProject/Src/redux/reducers/loginReducres.js": {"path":"/Users/tristatetechnology/Kiran/Training/ReduxProject/Src/redux/reducers/loginReducres.js","statementMap":{"0":{"start":{"line":13,"column":21},"end":{"line":18,"column":1}},"1":{"start":{"line":21,"column":4},"end":{"line":30,"column":5}},"2":{"start":{"line":23,"column":12},"end":{"line":23,"column":81}},"3":{"start":{"line":25,"column":12},"end":{"line":25,"column":72}},"4":{"start":{"line":27,"column":12},"end":{"line":27,"column":82}},"5":{"start":{"line":29,"column":12},"end":{"line":29,"column":25}}},"fnMap":{"0":{"name":"loginReducer","decl":{"start":{"line":20,"column":9},"end":{"line":20,"column":21}},"loc":{"start":{"line":20,"column":52},"end":{"line":31,"column":1}},"line":20}},"branchMap":{"0":{"loc":{"start":{"line":20,"column":22},"end":{"line":20,"column":42}},"type":"default-arg","locations":[{"start":{"line":20,"column":30},"end":{"line":20,"column":42}}],"line":20},"1":{"loc":{"start":{"line":21,"column":4},"end":{"line":30,"column":5}},"type":"switch","locations":[{"start":{"line":22,"column":8},"end":{"line":23,"column":81}},{"start":{"line":24,"column":12},"end":{"line":25,"column":72}},{"start":{"line":26,"column":12},"end":{"line":27,"column":82}},{"start":{"line":28,"column":8},"end":{"line":29,"column":25}}],"line":21}},"s":{"0":0,"1":0,"2":0,"3":0,"4":0,"5":0},"f":{"0":0},"b":{"0":[0],"1":[0,0,0,0]}}
,"/Users/tristatetechnology/Kiran/Training/ReduxProject/Src/sagaRedux/root-reducers.js": {"path":"/Users/tristatetechnology/Kiran/Training/ReduxProject/Src/sagaRedux/root-reducers.js","statementMap":{"0":{"start":{"line":6,"column":23},"end":{"line":6,"column":45}},"1":{"start":{"line":7,"column":14},"end":{"line":10,"column":1}},"2":{"start":{"line":11,"column":0},"end":{"line":11,"column":29}},"3":{"start":{"line":12,"column":15},"end":{"line":12,"column":45}},"4":{"start":{"line":12,"column":23},"end":{"line":12,"column":45}}},"fnMap":{"0":{"name":"(anonymous_0)","decl":{"start":{"line":12,"column":15},"end":{"line":12,"column":16}},"loc":{"start":{"line":12,"column":23},"end":{"line":12,"column":45}},"line":12}},"branchMap":{},"s":{"0":0,"1":0,"2":0,"3":0,"4":0},"f":{"0":0},"b":{}}
,"/Users/tristatetechnology/Kiran/Training/ReduxProject/Src/sagaRedux/User/reducers.js": {"path":"/Users/tristatetechnology/Kiran/Training/ReduxProject/Src/sagaRedux/User/reducers.js","statementMap":{},"fnMap":{},"branchMap":{},"s":{},"f":{},"b":{}}
,"/Users/tristatetechnology/Kiran/Training/ReduxProject/Src/sagaRedux/User/saga.js": {"path":"/Users/tristatetechnology/Kiran/Training/ReduxProject/Src/sagaRedux/User/saga.js","statementMap":{"0":{"start":{"line":5,"column":1},"end":{"line":5,"column":54}}},"fnMap":{"0":{"name":"rootSaga","decl":{"start":{"line":4,"column":10},"end":{"line":4,"column":18}},"loc":{"start":{"line":4,"column":21},"end":{"line":6,"column":1}},"line":4}},"branchMap":{},"s":{"0":0},"f":{"0":0},"b":{}}
,"/Users/tristatetechnology/Kiran/Training/ReduxProject/Src/sagaRedux/User/types.js": {"path":"/Users/tristatetechnology/Kiran/Training/ReduxProject/Src/sagaRedux/User/types.js","statementMap":{"0":{"start":{"line":4,"column":32},"end":{"line":9,"column":1}},"1":{"start":{"line":12,"column":33},"end":{"line":17,"column":2}}},"fnMap":{},"branchMap":{},"s":{"0":0,"1":0},"f":{},"b":{}}
,"/Users/tristatetechnology/Kiran/Training/ReduxProject/Src/utils/AppPlayer.js": {"path":"/Users/tristatetechnology/Kiran/Training/ReduxProject/Src/utils/AppPlayer.js","statementMap":{"0":{"start":{"line":4,"column":22},"end":{"line":4,"column":39}},"1":{"start":{"line":6,"column":25},"end":{"line":36,"column":1}},"2":{"start":{"line":7,"column":16},"end":{"line":7,"column":21}},"3":{"start":{"line":8,"column":2},"end":{"line":34,"column":3}},"4":{"start":{"line":10,"column":4},"end":{"line":10,"column":40}},"5":{"start":{"line":11,"column":4},"end":{"line":11,"column":19}},"6":{"start":{"line":13,"column":4},"end":{"line":13,"column":36}},"7":{"start":{"line":14,"column":4},"end":{"line":29,"column":7}},"8":{"start":{"line":31,"column":4},"end":{"line":31,"column":19}},"9":{"start":{"line":33,"column":4},"end":{"line":33,"column":19}},"10":{"start":{"line":38,"column":24},"end":{"line":49,"column":1}},"11":{"start":{"line":40,"column":4},"end":{"line":40,"column":30}},"12":{"start":{"line":41,"column":14},"end":{"line":41,"column":40}},"13":{"start":{"line":42,"column":14},"end":{"line":42,"column":47}},"14":{"start":{"line":43,"column":14},"end":{"line":43,"column":47}},"15":{"start":{"line":45,"column":16},"end":{"line":45,"column":58}},"16":{"start":{"line":46,"column":17},"end":{"line":46,"column":62}},"17":{"start":{"line":47,"column":18},"end":{"line":47,"column":55}},"18":{"start":{"line":48,"column":4},"end":{"line":48,"column":35}},"19":{"start":{"line":51,"column":18},"end":{"line":55,"column":3}}},"fnMap":{"0":{"name":"(anonymous_0)","decl":{"start":{"line":6,"column":25},"end":{"line":6,"column":26}},"loc":{"start":{"line":6,"column":37},"end":{"line":36,"column":1}},"line":6},"1":{"name":"(anonymous_1)","decl":{"start":{"line":38,"column":24},"end":{"line":38,"column":25}},"loc":{"start":{"line":38,"column":37},"end":{"line":49,"column":1}},"line":38}},"branchMap":{"0":{"loc":{"start":{"line":45,"column":16},"end":{"line":45,"column":58}},"type":"cond-expr","locations":[{"start":{"line":45,"column":25},"end":{"line":45,"column":52}},{"start":{"line":45,"column":56},"end":{"line":45,"column":58}}],"line":45},"1":{"loc":{"start":{"line":45,"column":25},"end":{"line":45,"column":52}},"type":"cond-expr","locations":[{"start":{"line":45,"column":34},"end":{"line":45,"column":42}},{"start":{"line":45,"column":45},"end":{"line":45,"column":52}}],"line":45},"2":{"loc":{"start":{"line":46,"column":17},"end":{"line":46,"column":62}},"type":"cond-expr","locations":[{"start":{"line":46,"column":26},"end":{"line":46,"column":53}},{"start":{"line":46,"column":57},"end":{"line":46,"column":62}}],"line":46},"3":{"loc":{"start":{"line":46,"column":26},"end":{"line":46,"column":53}},"type":"cond-expr","locations":[{"start":{"line":46,"column":35},"end":{"line":46,"column":43}},{"start":{"line":46,"column":46},"end":{"line":46,"column":53}}],"line":46},"4":{"loc":{"start":{"line":47,"column":18},"end":{"line":47,"column":55}},"type":"cond-expr","locations":[{"start":{"line":47,"column":27},"end":{"line":47,"column":47}},{"start":{"line":47,"column":51},"end":{"line":47,"column":55}}],"line":47},"5":{"loc":{"start":{"line":47,"column":27},"end":{"line":47,"column":47}},"type":"cond-expr","locations":[{"start":{"line":47,"column":36},"end":{"line":47,"column":43}},{"start":{"line":47,"column":46},"end":{"line":47,"column":47}}],"line":47}},"s":{"0":0,"1":0,"2":0,"3":0,"4":0,"5":0,"6":0,"7":0,"8":0,"9":0,"10":0,"11":0,"12":0,"13":0,"14":0,"15":0,"16":0,"17":0,"18":0,"19":0},"f":{"0":0,"1":0},"b":{"0":[0,0],"1":[0,0],"2":[0,0],"3":[0,0],"4":[0,0],"5":[0,0]}}
,"/Users/tristatetechnology/Kiran/Training/ReduxProject/Src/utils/JSFunctionUtils.js": {"path":"/Users/tristatetechnology/Kiran/Training/ReduxProject/Src/utils/JSFunctionUtils.js","statementMap":{"0":{"start":{"line":1,"column":20},"end":{"line":20,"column":1}},"1":{"start":{"line":2,"column":14},"end":{"line":2,"column":35}},"2":{"start":{"line":3,"column":4},"end":{"line":17,"column":5}},"3":{"start":{"line":3,"column":17},"end":{"line":3,"column":18}},"4":{"start":{"line":4,"column":8},"end":{"line":16,"column":9}},"5":{"start":{"line":4,"column":21},"end":{"line":4,"column":26}},"6":{"start":{"line":5,"column":12},"end":{"line":15,"column":13}},"7":{"start":{"line":6,"column":16},"end":{"line":13,"column":17}},"8":{"start":{"line":7,"column":20},"end":{"line":12,"column":21}},"9":{"start":{"line":8,"column":24},"end":{"line":11,"column":25}},"10":{"start":{"line":9,"column":28},"end":{"line":9,"column":70}},"11":{"start":{"line":10,"column":28},"end":{"line":10,"column":70}},"12":{"start":{"line":14,"column":16},"end":{"line":14,"column":33}},"13":{"start":{"line":19,"column":4},"end":{"line":19,"column":13}},"14":{"start":{"line":21,"column":24},"end":{"line":36,"column":1}},"15":{"start":{"line":22,"column":21},"end":{"line":22,"column":42}},"16":{"start":{"line":23,"column":17},"end":{"line":23,"column":19}},"17":{"start":{"line":24,"column":4},"end":{"line":32,"column":6}},"18":{"start":{"line":25,"column":20},"end":{"line":25,"column":87}},"19":{"start":{"line":25,"column":48},"end":{"line":25,"column":86}},"20":{"start":{"line":26,"column":8},"end":{"line":31,"column":9}},"21":{"start":{"line":27,"column":26},"end":{"line":27,"column":62}},"22":{"start":{"line":28,"column":12},"end":{"line":28,"column":40}},"23":{"start":{"line":30,"column":12},"end":{"line":30,"column":29}},"24":{"start":{"line":34,"column":4},"end":{"line":34,"column":74}},"25":{"start":{"line":34,"column":39},"end":{"line":34,"column":72}},"26":{"start":{"line":38,"column":18},"end":{"line":43,"column":1}},"27":{"start":{"line":39,"column":16},"end":{"line":39,"column":36}},"28":{"start":{"line":40,"column":16},"end":{"line":40,"column":36}},"29":{"start":{"line":42,"column":4},"end":{"line":42,"column":58}},"30":{"start":{"line":46,"column":21},"end":{"line":58,"column":1}},"31":{"start":{"line":47,"column":18},"end":{"line":47,"column":20}},"32":{"start":{"line":49,"column":4},"end":{"line":55,"column":5}},"33":{"start":{"line":50,"column":8},"end":{"line":54,"column":9}},"34":{"start":{"line":51,"column":12},"end":{"line":53,"column":13}},"35":{"start":{"line":52,"column":16},"end":{"line":52,"column":33}},"36":{"start":{"line":57,"column":4},"end":{"line":57,"column":17}},"37":{"start":{"line":59,"column":25},"end":{"line":92,"column":1}},"38":{"start":{"line":60,"column":16},"end":{"line":60,"column":27}},"39":{"start":{"line":62,"column":4},"end":{"line":66,"column":5}},"40":{"start":{"line":63,"column":8},"end":{"line":63,"column":29}},"41":{"start":{"line":64,"column":11},"end":{"line":66,"column":5}},"42":{"start":{"line":65,"column":8},"end":{"line":65,"column":28}},"43":{"start":{"line":68,"column":18},"end":{"line":68,"column":41}},"44":{"start":{"line":69,"column":18},"end":{"line":69,"column":42}},"45":{"start":{"line":70,"column":16},"end":{"line":70,"column":42}},"46":{"start":{"line":71,"column":4},"end":{"line":71,"column":37}},"47":{"start":{"line":72,"column":4},"end":{"line":72,"column":35}},"48":{"start":{"line":74,"column":4},"end":{"line":90,"column":5}},"49":{"start":{"line":77,"column":8},"end":{"line":77,"column":134}},"50":{"start":{"line":78,"column":8},"end":{"line":78,"column":25}},"51":{"start":{"line":81,"column":8},"end":{"line":87,"column":9}},"52":{"start":{"line":82,"column":12},"end":{"line":83,"column":73}},"53":{"start":{"line":85,"column":12},"end":{"line":86,"column":64}},"54":{"start":{"line":89,"column":8},"end":{"line":89,"column":25}},"55":{"start":{"line":93,"column":24},"end":{"line":99,"column":1}}},"fnMap":{"0":{"name":"(anonymous_0)","decl":{"start":{"line":1,"column":20},"end":{"line":1,"column":21}},"loc":{"start":{"line":1,"column":85},"end":{"line":20,"column":1}},"line":1},"1":{"name":"(anonymous_1)","decl":{"start":{"line":21,"column":24},"end":{"line":21,"column":25}},"loc":{"start":{"line":21,"column":89},"end":{"line":36,"column":1}},"line":21},"2":{"name":"(anonymous_2)","decl":{"start":{"line":24,"column":17},"end":{"line":24,"column":18}},"loc":{"start":{"line":24,"column":27},"end":{"line":32,"column":5}},"line":24},"3":{"name":"(anonymous_3)","decl":{"start":{"line":25,"column":37},"end":{"line":25,"column":38}},"loc":{"start":{"line":25,"column":48},"end":{"line":25,"column":86}},"line":25},"4":{"name":"(anonymous_4)","decl":{"start":{"line":34,"column":23},"end":{"line":34,"column":24}},"loc":{"start":{"line":34,"column":39},"end":{"line":34,"column":72}},"line":34},"5":{"name":"(anonymous_5)","decl":{"start":{"line":38,"column":18},"end":{"line":38,"column":19}},"loc":{"start":{"line":38,"column":33},"end":{"line":43,"column":1}},"line":38},"6":{"name":"(anonymous_6)","decl":{"start":{"line":46,"column":21},"end":{"line":46,"column":22}},"loc":{"start":{"line":46,"column":32},"end":{"line":58,"column":1}},"line":46},"7":{"name":"(anonymous_7)","decl":{"start":{"line":59,"column":25},"end":{"line":59,"column":26}},"loc":{"start":{"line":59,"column":52},"end":{"line":92,"column":1}},"line":59}},"branchMap":{"0":{"loc":{"start":{"line":1,"column":37},"end":{"line":1,"column":53}},"type":"default-arg","locations":[{"start":{"line":1,"column":49},"end":{"line":1,"column":53}}],"line":1},"1":{"loc":{"start":{"line":1,"column":55},"end":{"line":1,"column":80}},"type":"default-arg","locations":[{"start":{"line":1,"column":76},"end":{"line":1,"column":80}}],"line":1},"2":{"loc":{"start":{"line":5,"column":12},"end":{"line":15,"column":13}},"type":"if","locations":[{"start":{"line":5,"column":12},"end":{"line":15,"column":13}},{"start":{},"end":{}}],"line":5},"3":{"loc":{"start":{"line":6,"column":16},"end":{"line":13,"column":17}},"type":"if","locations":[{"start":{"line":6,"column":16},"end":{"line":13,"column":17}},{"start":{},"end":{}}],"line":6},"4":{"loc":{"start":{"line":8,"column":24},"end":{"line":11,"column":25}},"type":"if","locations":[{"start":{"line":8,"column":24},"end":{"line":11,"column":25}},{"start":{},"end":{}}],"line":8},"5":{"loc":{"start":{"line":21,"column":41},"end":{"line":21,"column":57}},"type":"default-arg","locations":[{"start":{"line":21,"column":53},"end":{"line":21,"column":57}}],"line":21},"6":{"loc":{"start":{"line":21,"column":59},"end":{"line":21,"column":84}},"type":"default-arg","locations":[{"start":{"line":21,"column":80},"end":{"line":21,"column":84}}],"line":21},"7":{"loc":{"start":{"line":26,"column":8},"end":{"line":31,"column":9}},"type":"if","locations":[{"start":{"line":26,"column":8},"end":{"line":31,"column":9}},{"start":{"line":29,"column":15},"end":{"line":31,"column":9}}],"line":26},"8":{"loc":{"start":{"line":42,"column":11},"end":{"line":42,"column":57}},"type":"cond-expr","locations":[{"start":{"line":42,"column":29},"end":{"line":42,"column":31}},{"start":{"line":42,"column":34},"end":{"line":42,"column":57}}],"line":42},"9":{"loc":{"start":{"line":42,"column":34},"end":{"line":42,"column":57}},"type":"cond-expr","locations":[{"start":{"line":42,"column":52},"end":{"line":42,"column":53}},{"start":{"line":42,"column":56},"end":{"line":42,"column":57}}],"line":42},"10":{"loc":{"start":{"line":50,"column":8},"end":{"line":54,"column":9}},"type":"if","locations":[{"start":{"line":50,"column":8},"end":{"line":54,"column":9}},{"start":{},"end":{}}],"line":50},"11":{"loc":{"start":{"line":50,"column":12},"end":{"line":50,"column":45}},"type":"binary-expr","locations":[{"start":{"line":50,"column":12},"end":{"line":50,"column":21}},{"start":{"line":50,"column":25},"end":{"line":50,"column":45}}],"line":50},"12":{"loc":{"start":{"line":62,"column":4},"end":{"line":66,"column":5}},"type":"if","locations":[{"start":{"line":62,"column":4},"end":{"line":66,"column":5}},{"start":{"line":64,"column":11},"end":{"line":66,"column":5}}],"line":62},"13":{"loc":{"start":{"line":64,"col
[...]
tatetechnology/Kiran/Training/ReduxProject/Src/utils/PushNotification.js": {"path":"/Users/tristatetechnology/Kiran/Training/ReduxProject/Src/utils/PushNotification.js","statementMap":{"0":{"start":{"line":12,"column":18},"end":{"line":12,"column":39}},"1":{"start":{"line":13,"column":3},"end":{"line":126,"column":10}},"2":{"start":{"line":14,"column":6},"end":{"line":14,"column":65}},"3":{"start":{"line":15,"column":6},"end":{"line":15,"column":24}},"4":{"start":{"line":18,"column":6},"end":{"line":23,"column":8}},"5":{"start":{"line":19,"column":29},"end":{"line":19,"column":59}},"6":{"start":{"line":20,"column":9},"end":{"line":22,"column":10}},"7":{"start":{"line":21,"column":12},"end":{"line":21,"column":33}},"8":{"start":{"line":73,"column":6},"end":{"line":98,"column":9}},"9":{"start":{"line":74,"column":9},"end":{"line":86,"column":10}},"10":{"start":{"line":75,"column":12},"end":{"line":85,"column":25}},"11":{"start":{"line":82,"column":30},"end":{"line":82,"column":74}},"12":{"start":{"line":101,"column":6},"end":{"line":106,"column":9}},"13":{"start":{"line":102,"column":9},"end":{"line":105,"column":10}},"14":{"start":{"line":103,"column":12},"end":{"line":103,"column":56}},"15":{"start":{"line":109,"column":6},"end":{"line":114,"column":9}},"16":{"start":{"line":110,"column":9},"end":{"line":113,"column":10}},"17":{"start":{"line":111,"column":12},"end":{"line":111,"column":56}},"18":{"start":{"line":117,"column":6},"end":{"line":121,"column":9}},"19":{"start":{"line":118,"column":9},"end":{"line":120,"column":10}},"20":{"start":{"line":119,"column":12},"end":{"line":119,"column":59}},"21":{"start":{"line":122,"column":6},"end":{"line":122,"column":20}},"22":{"start":{"line":123,"column":6},"end":{"line":125,"column":7}},"23":{"start":{"line":124,"column":9},"end":{"line":124,"column":40}},"24":{"start":{"line":145,"column":41},"end":{"line":153,"column":4}},"25":{"start":{"line":146,"column":6},"end":{"line":151,"column":7}},"26":{"start":{"line":147,"column":9},"end":{"line":147,"column":61}},"27":{"start":{"line":149,"column":11},"end":{"line":151,"column":7}},"28":{"start":{"line":150,"column":9},"end":{"line":150,"column":99}},"29":{"start":{"line":156,"column":23},"end":{"line":161,"column":4}},"30":{"start":{"line":157,"column":6},"end":{"line":160,"column":7}},"31":{"start":{"line":158,"column":9},"end":{"line":158,"column":61}},"32":{"start":{"line":159,"column":9},"end":{"line":159,"column":52}},"33":{"start":{"line":166,"column":33},"end":{"line":171,"column":4}},"34":{"start":{"line":167,"column":6},"end":{"line":169,"column":7}},"35":{"start":{"line":170,"column":6},"end":{"line":170,"column":30}},"36":{"start":{"line":174,"column":27},"end":{"line":194,"column":4}},"37":{"start":{"line":175,"column":28},"end":{"line":175,"column":61}},"38":{"start":{"line":176,"column":22},"end":{"line":176,"column":143}},"39":{"start":{"line":177,"column":6},"end":{"line":193,"column":7}},"40":{"start":{"line":178,"column":9},"end":{"line":178,"column":29}},"41":{"start":{"line":180,"column":11},"end":{"line":193,"column":7}},"42":{"start":{"line":181,"column":30},"end":{"line":181,"column":59}},"43":{"start":{"line":182,"column":9},"end":{"line":185,"column":28}},"44":{"start":{"line":183,"column":12},"end":{"line":183,"column":25}},"45":{"start":{"line":185,"column":14},"end":{"line":185,"column":28}},"46":{"start":{"line":188,"column":30},"end":{"line":188,"column":59}},"47":{"start":{"line":189,"column":9},"end":{"line":192,"column":28}},"48":{"start":{"line":190,"column":12},"end":{"line":190,"column":25}},"49":{"start":{"line":192,"column":14},"end":{"line":192,"column":28}},"50":{"start":{"line":197,"column":23},"end":{"line":202,"column":4}},"51":{"start":{"line":198,"column":20},"end":{"line":198,"column":48}},"52":{"start":{"line":199,"column":6},"end":{"line":201,"column":7}},"53":{"start":{"line":200,"column":9},"end":{"line":200,"column":27}},"54":{"start":{"line":205,"column":23},"end":{"line":207,"column":4}},"55":{"start":{"line":206,"column":6},"end":{"line":206,"column":87}},"56":{"start":{"line":210,"column":33},"end":{"line":217,"column":4}},"57":{"start":{"line":211,"column":23},"end":{"line":213,"column":8}},"58":{"start":{"line":214,"column":6},"end":{"line":216,"column":7}},"59":{"start":{"line":215,"column":9},"end":{"line":215,"column":25}},"60":{"start":{"line":220,"column":41},"end":{"line":222,"column":4}},"61":{"start":{"line":221,"column":6},"end":{"line":221,"column":68}},"62":{"start":{"line":225,"column":3},"end":{"line":225,"column":15}}},"fnMap":{"0":{"name":"PushNotifications","decl":{"start":{"line":11,"column":24},"end":{"line":11,"column":41}},"loc":{"start":{"line":11,"column":65},"end":{"line":227,"column":1}},"line":11},"1":{"name":"(anonymous_1)","decl":{"start":{"line":13,"column":13},"end":{"line":13,"column":14}},"loc":{"start":{"line":13,"column":19},"end":{"line":126,"column":4}},"line":13},"2":{"name":"(anonymous_2)","decl":{"start":{"line":18,"column":33},"end":{"line":18,"column":34}},"loc":{"start":{"line":18,"column":53},"end":{"line":23,"column":7}},"line":18},"3":{"name":"(anonymous_3)","decl":{"start":{"line":73,"column":28},"end":{"line":73,"column":29}},"loc":{"start":{"line":73,"column":51},"end":{"line":98,"column":7}},"line":73},"4":{"name":"(anonymous_4)","decl":{"start":{"line":82,"column":24},"end":{"line":82,"column":25}},"loc":{"start":{"line":82,"column":30},"end":{"line":82,"column":74}},"line":82},"5":{"name":"(anonymous_5)","decl":{"start":{"line":85,"column":15},"end":{"line":85,"column":16}},"loc":{"start":{"line":85,"column":21},"end":{"line":85,"column":24}},"line":85},"6":{"name":"(anonymous_6)","decl":{"start":{"line":101,"column":42},"end":{"line":101,"column":43}},"loc":{"start":{"line":101,"column":59},"end":{"line":106,"column":7}},"line":101},"7":{"name":"(anonymous_7)","decl":{"start":{"line":109,"column":46},"end":{"line":109,"column":47}},"loc":{"start":{"line":109,"column":69},"end":{"line":114,"column":7}},"line":109},"8":{"name":"(anonymous_8)","decl":{"start":{"line":117,"column":48},"end":{"line":117,"column":49}},"loc":{"start":{"line":117,"column":70},"end":{"line":121,"column":7}},"line":117},"9":{"name":"(anonymous_9)","decl":{"start":{"line":123,"column":13},"end":{"line":123,"column":14}},"loc":{"start":{"line":123,"column":19},"end":{"line":125,"column":7}},"line":123},"10":{"name":"(anonymous_10)","decl":{"start":{"line":145,"column":41},"end":{"line":145,"column":42}},"loc":{"start":{"line":145,"column":59},"end":{"line":153,"column":4}},"line":145},"11":{"name":"(anonymous_11)","decl":{"start":{"line":156,"column":23},"end":{"line":156,"column":24}},"loc":{"start":{"line":156,"column":35},"end":{"line":161,"column":4}},"line":156},"12":{"name":"(anonymous_12)","decl":{"start":{"line":166,"column":33},"end":{"line":166,"column":34}},"loc":{"start":{"line":166,"column":51},"end":{"line":171,"column":4}},"line":166},"13":{"name":"(anonymous_13)","decl":{"start":{"line":174,"column":27},"end":{"line":174,"column":28}},"loc":{"start":{"line":174,"column":39},"end":{"line":194,"column":4}},"line":174},"14":{"name":"(anonymous_14)","decl":{"start":{"line":197,"column":23},"end":{"line":197,"column":24}},"loc":{"start":{"line":197,"column":35},"end":{"line":202,"column":4}},"line":197},"15":{"name":"(anonymous_15)","decl":{"start":{"line":205,"column":23},"end":{"line":205,"column":24}},"loc":{"start":{"line":205,"column":43},"end":{"line":207,"column":4}},"line":205},"16":{"name":"(anonymous_16)","decl":{"start":{"line":210,"column":33},"end":{"line":210,"column":34}},"loc":{"start":{"line":210,"column":45},"end":{"line":217,"column":4}},"line":210},"17":{"name":"(anonymous_17)","decl":{"start":{"line":220,"column":41},"end":{"line":220,"column":42}},"loc":{"start":{"line":220,"column":47},"end":{"line":222,"column":4}},"line":220}},"branchMap":{"0":{"loc":{"start":{"line":20,"column":9},"end":{"line":22,"column":10}},"type":"if","locations":[{"start":{"line":20,"column":9},"end":{"line":22,"column":10}},{"start":{},"end":{}}],"line":20},"1":{"loc":{"start":{"line":74,"column":9},"end":{"line":86,"column":10}},"type":"if","locations":[{"start":{"line":74,"column":9},"end":{"line":86,"column":10}},{"start":{},"end":{}}],"line":74},"2":{"loc":{"start":{"line":102,"column":9},"end":{"line":105,"column":10}},"type":"if","locations":[{"start":{"line":102,"column":9},"end":{"line":105,"column":10}},{"start":{},"end":{}}],"line":102},"3":{"loc":{"start":{"line":110,"column":9},"end":{"line":113,"column":10}},"type":"if","locations":[{"start":{"line":110,"column":9},"end":{"line":113,"column":10}},{"start":{},"end":{}}],"line":110},"4":{"loc":{"start":{"line":118,"column":9},"end":{"line":120,"column":10}},"type":"if","locations":[{"start":{"line":118,"column":9},"end":{"line":120,"column":10}},{"start":{},"end":{}}],"line":118},"5":{"loc":{"start":{"line":146,"column":6},"end":{"line":151,"column":7}},"type":"if","locations":[{"start":{"line":146,"column":6},"end":{"line":151,"column":7}},{"start":{"line":149,"column":11},"end":{"line":151,"column":7}}],"line":146},"6":{"loc":{"start":{"line":149,"column":11},"end":{"line":151,"column":7}},"type":"if","locations":[{"start":{"line":149,"column":11},"end":{"line":151,"column":7}},{"start":{},"end":{}}],"line":149},"7":{"loc":{"start":{"line":157,"column":6},"end":{"line":160,"column":7}},"type":"if","locations":[{"start":{"line":157,"column":6},"end":{"line":160,"column":7}},{"start":{},"end":{}}],"line":157},"8":{"loc":{"start":{"line":167,"column":6},"end":{"line":169,"column":7}},"type":"if","locations":[{"start":{"line":167,"column":6},"end":{"line":169,"column":7}},{"start":{},"end":{}}],"line":167},"9":{"loc":{"start":{"line":167,"column":10},"end":{"line":167,"column":76}},"type":"binary-expr","locations":[{"start":{"line":167,"column":10},"end":{"line":167,"column":47}},{"start":{"line":167,"column":51},"end":{"line":167,"column":76}}],"line":167},"10":{"loc":{"start":{"line":176,"column":22},"end":{"line":176,"column":143}},"type":"binary-expr","locations":[{"start":{"line":176,"column":22},"end":{"line":176,"column":80}},{"start":{"line":176,"column":84},"end":{"line":176,"column":143}}],"line":176},"11":{"loc":{"start":{"line":177,"column":6},"end":{"line":193,"column":7}},"type":"if","locations":[{"start":{"line":177,"column":6},"end":{"line":193,"column":7}},{"start":{"line":180,"column":11},"end":{"line":193,"column":7}}],"line":177},"12":{"loc":{"start":{"line":177,"column":10},"end":{"line":177,"column":131}},"type":"binary-expr","locations":[{"start":{"line":177,"column":10},"end":{"line":177,"column":68}},{"start":{"line":177,"column":72},"end":{"line":177,"column":131}}],"line":177},"13":{"loc":{"start":{"line":180,"column":11},"end":{"line":193,"column":7}},"type":"if","locations":[{"start":{"line":180,"column":11},"end":{"line":193,"column":7}},{"start":{"line":187,"column":11},"end":{"line":193,"column":7}}],"line":180},"14":{"loc":{"start":{"line":180,"column":15},"end":{"line":180,"column":135}},"type":"binary-expr","locations":[{"start":{"line":180,"column":15},"end":{"line":180,"column":69}},{"start":{"line":180,"column":73},"end":{"line":180,"column":135}}],"line":180},"15":{"loc":{"start":{"line":182,"column":9},"end":{"line":185,"column":28}},"type":"if","locations":[{"start":{"line":182,"column":9},"end":{"line":185,"column":28}},{"start":{"line":185,"column":14},"end":{"line":185,"column":28}}],"line":182},"16":{"loc":{"start":{"line":189,"column":9},"end":{"line":192,"column":28}},"type":"if","locations":[{"start":{"line":189,"column":9},"end":{"line":192,"column":28}},{"start":{"line":192,"column":14},"end":{"line":192,"column":28}}],"line":189},"17":{"loc":{"start":{"line":199,"column":6},"end":{"line":201,"column":7}},"type":"if","locations":[{"start":{"line":199,"column":6},"end":{"line":201,"column":7}},{"start":{},"end":{}}],"line":199},"18":{"loc":{"start":{"line":214,"column":6},"end":{"line":216,"column":7}},"type":"if","locations":[{"start":{"line":214,"column":6},"end":{"line":216,"column":7}},{"start":{},"end":{}}],"line":214}},"s":{"0":0,"1":0,"2":0,"3":0,"4":0,"5":0,"6":0,"7":0,"8":0,"9":0,"10":0,"11":0,"12":0,"13":0,"14":0,"15":0,"16":0,"17":0,"18":0,"19":0,"20":0,"21":0,"22":0,"23":0,"24":0,"25":0,"26":0,"27":0,"28":0,"29":0,"30":0,"31":0,"32":0,"33":0,"34":0,"35":0,"36":0,"37":0,"38":0,"39":0,"40":0,"41":0,"42":0,"43":0,"44":0,"45":0,"46":0,"47":0,"48":0,"49":0,"50":0,"51":0,"52":0,"53":0,"54":0,"55":0,"56":0,"57":0,"58":0,"59":0,"60":0,"61":0,"62":0},"f":{"0":0,"1":0,"2":0,"3":0,"4":0,"5":0,"6":0,"7":0,"8":0,"9":0,"10":0,"11":0,"12":0,"13":0,"14":0,"15":0,"16":0,"17":0},"b":{"0":[0,0],"1":[0,0],"2":[0,0],"3":[0,0],"4":[0,0],"5":[0,0],"6":[0,0],"7":[0,0],"8":[0,0],"9":[0,0],"10":[0,0],"11":[0,0],"12":[0,0],"13":[0,0],"14":[0,0],"15":[0,0],"16":[0,0],"17":[0,0],"18":[0,0]}}
,"/Users/tristatetechnology/Kiran/Training/ReduxProject/Src/utils/StorageService.js": {"path":"/Users/tristatetechnology/Kiran/Training/ReduxProject/Src/utils/StorageService.js","statementMap":{"0":{"start":{"line":7,"column":24},"end":{"line":12,"column":4}},"1":{"start":{"line":20,"column":6},"end":{"line":25,"column":7}},"2":{"start":{"line":21,"column":19},"end":{"line":21,"column":50}},"3":{"start":{"line":22,"column":9},"end":{"line":22,"column":30}},"4":{"start":{"line":24,"column":9},"end":{"line":24,"column":42}},"5":{"start":{"line":33,"column":19},"end":{"line":33,"column":50}},"6":{"start":{"line":34,"column":21},"end":{"line":34,"column":54}},"7":{"start":{"line":35,"column":14},"end":{"line":37,"column":8}},"8":{"start":{"line":36,"column":9},"end":{"line":36,"column":40}},"9":{"start":{"line":45,"column":19},"end":{"line":45,"column":232}},"10":{"start":{"line":46,"column":6},"end":{"line":46,"column":44}},"11":{"start":{"line":49,"column":19},"end":{"line":49,"column":84}},"12":{"start":{"line":50,"column":6},"end":{"line":50,"column":44}},"13":{"start":{"line":53,"column":19},"end":{"line":53,"column":32}},"14":{"start":{"line":54,"column":6},"end":{"line":54,"column":44}},"15":{"start":{"line":57,"column":19},"end":{"line":57,"column":126}},"16":{"start":{"line":58,"column":6},"end":{"line":58,"column":44}},"17":{"start":{"line":61,"column":19},"end":{"line":61,"column":40}},"18":{"start":{"line":62,"column":6},"end":{"line":62,"column":44}},"19":{"start":{"line":65,"column":19},"end":{"line":65,"column":75}},"20":{"start":{"line":66,"column":6},"end":{"line":66,"column":44}},"21":{"start":{"line":69,"column":19},"end":{"line":69,"column":39}},"22":{"start":{"line":70,"column":6},"end":{"line":70,"column":44}},"23":{"start":{"line":73,"column":19},"end":{"line":73,"column":103}},"24":{"start":{"line":74,"column":6},"end":{"line":74,"column":44}},"25":{"start":{"line":82,"column":6},"end":{"line":82,"column":42}},"26":{"start":{"line":92,"column":22},"end":{"line":93,"column":44}},"27":{"start":{"line":94,"column":6},"end":{"line":94,"column":21}}},"fnMap":{"0":{"name":"getItem","decl":{"start":{"line":19,"column":18},"end":{"line":19,"column":25}},"loc":{"start":{"line":19,"column":31},"end":{"line":26,"column":4}},"line":19},"1":{"name":"getItems","decl":{"start":{"line":32,"column":18},"end":{"line":32,"column":26}},"loc":{"start":{"line":32,"column":29},"end":{"line":38,"column":4}},"line":32},"2":{"name":"(anonymous_2)","decl":{"start":{"line":35,"column":25},"end":{"line":35,"column":26}},"loc":{"start":{"line":35,"column":47},"end":{"line":37,"column":7}},"line":35},"3":{"name":"clear","decl":{"start":{"line":44,"column":12},"end":{"line":44,"column":17}},"loc":{"start":{"line":44,"column":20},"end":{"line":47,"column":4}},"line":44},"4":{"name":"clearArt","decl":{"start":{"line":48,"column":12},"end":{"line":48,"column":20}},"loc":{"start":{"line":48,"column":23},"end":{"line":51,"column":4}},"line":48},"5":{"name":"clearHome","decl":{"start":{"line":52,"column":12},"end":{"line":52,"column":21}},"loc":{"start":{"line":52,"column":24},"end":{"line":55,"column":4}},"line":52},"6":{"name":"clearTimenur","decl":{"start":{"line":56,"column":12},"end":{"line":56,"column":24}},"loc":{"start":{"line":56,"column":27},"end":{"line":59,"column":4}},"line":56},"7":{"name":"clearTimenurright","decl":{"start":{"line":60,"column":12},"end":{"line":60,"column":29}},"loc":{"start":{"line":60,"column":32},"end":{"line":63,"column":4}},"line":60},"8":{"name":"clearTimenurboth","decl":{"start":{"line":64,"column":12},"end":{"line":64,"column":28}},"loc":{"start":{"line":64,"column":31},"end":{"line":67,"column":4}},"line":64},"9":{"name":"clearTimenurleft","decl":{"start":{"line":68,"column":12},"end":{"line":68,"column":28}},"loc":{"start":{"line":68,"column":31},"end":{"line":71,"column":4}},"line":68},"10":{"name":"clearTime","decl":{"start":{"line":72,"column":12},"end":{"line":72,"column":21}},"loc":{"start":{"line":72,"column":24},"end":{"line":75,"column":4}},"line":72},"11":{"name":"deleteItem","decl":{"start":{"line":81,"column":12},"end":{"line":81,"column":22}},"loc":{"start":{"line":81,"column":28},"end":{"line":83,"column":4}},"line":81},"12":{"name":"saveItem","decl":{"start":{"line":91,"column":18},"end":{"line":91,"column":26}},"loc":{"start":{"line":91,"column":38},"end":{"line":95,"column":4}},"line":91}},"branchMap":{},"s":{"0":0,"1":0,"2":0,"3":0,"4":0,"5":0,"6":0,"7":0,"8":0,"9":0,"10":0,"11":0,"12":0,"13":0,"14":0,"15":0,"16":0,"17":0,"18":0,"19":0,"20":0,"21":0,"22":0,"23":0,"24":0,"25":0,"26":0,"27":0},"f":{"0":0,"1":0,"2":0,"3":0,"4":0,"5":0,"6":0,"7":0,"8":0,"9":0,"10":0,"11":0,"12":0},"b":{}}
,"/Users/tristatetechnology/Kiran/Training/ReduxProject/Src/utils/color.js": {"path":"/Users/tristatetechnology/Kiran/Training/ReduxProject/Src/utils/color.js","statementMap":{"0":{"start":{"line":1,"column":21},"end":{"line":23,"column":1}}},"fnMap":{},"branchMap":{},"s":{"0":0},"f":{},"b":{}}
,"/Users/tristatetechnology/Kiran/Training/ReduxProject/Src/utils/firebase.js": {"path":"/Users/tristatetechnology/Kiran/Training/ReduxProject/Src/utils/firebase.js","statementMap":{"0":{"start":{"line":3,"column":23},"end":{"line":12,"column":1}},"1":{"start":{"line":15,"column":0},"end":{"line":17,"column":1}},"2":{"start":{"line":16,"column":4},"end":{"line":16,"column":43}}},"fnMap":{},"branchMap":{"0":{"loc":{"start":{"line":15,"column":0},"end":{"line":17,"column":1}},"type":"if","locations":[{"start":{"line":15,"column":0},"end":{"line":17,"column":1}},{"start":{},"end":{}}],"line":15}},"s":{"0":0,"1":0,"2":0},"f":{},"b":{"0":[0,0]}}
,"/Users/tristatetechnology/Kiran/Training/ReduxProject/Src/utils/font.js": {"path":"/Users/tristatetechnology/Kiran/Training/ReduxProject/Src/utils/font.js","statementMap":{"0":{"start":{"line":4,"column":21},"end":{"line":16,"column":1}},"1":{"start":{"line":17,"column":32},"end":{"line":35,"column":2}}},"fnMap":{},"branchMap":{},"s":{"0":0,"1":0},"f":{},"b":{}}
,"/Users/tristatetechnology/Kiran/Training/ReduxProject/Src/utils/importImages.js": {"path":"/Users/tristatetechnology/Kiran/Training/ReduxProject/Src/utils/importImages.js","statementMap":{"0":{"start":{"line":1,"column":13},"end":{"line":1,"column":32}},"1":{"start":{"line":2,"column":28},"end":{"line":201,"column":1}}},"fnMap":{},"branchMap":{},"s":{"0":0,"1":0},"f":{},"b":{}}
,"/Users/tristatetechnology/Kiran/Training/ReduxProject/Src/utils/showSimpleAlert.js": {"path":"/Users/tristatetechnology/Kiran/Training/ReduxProject/Src/utils/showSimpleAlert.js","statementMap":{"0":{"start":{"line":4,"column":4},"end":{"line":11,"column":6}}},"fnMap":{"0":{"name":"showSimpleAlert","decl":{"start":{"line":3,"column":24},"end":{"line":3,"column":39}},"loc":{"start":{"line":3,"column":49},"end":{"line":12,"column":1}},"line":3},"1":{"name":"(anonymous_1)","decl":{"start":{"line":8,"column":35},"end":{"line":8,"column":36}},"loc":{"start":{"line":8,"column":41},"end":{"line":8,"column":44}},"line":8}},"branchMap":{},"s":{"0":0},"f":{"0":0,"1":0},"b":{}}
}
